<?xml version="1.0" encoding="UTF-8" standalone="yes"?><!DOCTYPE report PUBLIC "-//JACOCO//DTD Report 1.1//EN" "report.dtd"><report name="API"><sessioninfo id="fv-az735-924-47108761" start="1742327386332" dump="1742327387539"/><package name="io/oigres/ecomm/service/users/api/model"><class name="io/oigres/ecomm/service/users/api/model/SortRequest$Direction" sourcefilename="SortRequest.java"><method name="isAscending" desc="()Z" line="193"><counter type="INSTRUCTION" missed="4" covered="0"/><counter type="LINE" missed="1" covered="0"/><counter type="COMPLEXITY" missed="1" covered="0"/><counter type="METHOD" missed="1" covered="0"/></method><method name="isDescending" desc="()Z" line="203"><counter type="INSTRUCTION" missed="4" covered="0"/><counter type="LINE" missed="1" covered="0"/><counter type="COMPLEXITY" missed="1" covered="0"/><counter type="METHOD" missed="1" covered="0"/></method><method name="fromString" desc="(Ljava/lang/String;)Lio/oigres/ecomm/service/users/api/model/SortRequest$Direction;" line="216"><counter type="INSTRUCTION" missed="19" covered="0"/><counter type="LINE" missed="4" covered="0"/><counter type="COMPLEXITY" missed="1" covered="0"/><counter type="METHOD" missed="1" covered="0"/></method><method name="fromOptionalString" desc="(Ljava/lang/String;)Ljava/util/Optional;" line="237"><counter type="INSTRUCTION" missed="7" covered="0"/><counter type="LINE" missed="3" covered="0"/><counter type="COMPLEXITY" missed="1" covered="0"/><counter type="METHOD" missed="1" covered="0"/></method><method name="&lt;clinit&gt;" desc="()V" line="182"><counter type="INSTRUCTION" missed="15" covered="0"/><counter type="LINE" missed="3" covered="0"/><counter type="COMPLEXITY" missed="1" covered="0"/><counter type="METHOD" missed="1" covered="0"/></method><counter type="INSTRUCTION" missed="49" covered="0"/><counter type="LINE" missed="12" covered="0"/><counter type="COMPLEXITY" missed="5" covered="0"/><counter type="METHOD" missed="5" covered="0"/><counter type="CLASS" missed="1" covered="0"/></class><class name="io/oigres/ecomm/service/users/api/model/SortRequest$Order" sourcefilename="SortRequest.java"><method name="&lt;init&gt;" desc="(Lio/oigres/ecomm/service/users/api/model/SortRequest$Direction;Ljava/lang/String;)V" line="294"><counter type="INSTRUCTION" missed="7" covered="0"/><counter type="LINE" missed="2" covered="0"/><counter type="COMPLEXITY" missed="1" covered="0"/><counter type="METHOD" missed="1" covered="0"/></method><method name="&lt;init&gt;" desc="(Lio/oigres/ecomm/service/users/api/model/SortRequest$Direction;Ljava/lang/String;Lio/oigres/ecomm/service/users/api/model/SortRequest$NullHandling;)V" line="306"><counter type="INSTRUCTION" missed="7" covered="0"/><counter type="LINE" missed="2" covered="0"/><counter type="COMPLEXITY" missed="1" covered="0"/><counter type="METHOD" missed="1" covered="0"/></method><method name="by" desc="(Ljava/lang/String;)Lio/oigres/ecomm/service/users/api/model/SortRequest$Order;" line="317"><counter type="INSTRUCTION" missed="6" covered="0"/><counter type="LINE" missed="1" covered="0"/><counter type="COMPLEXITY" missed="1" covered="0"/><counter type="METHOD" missed="1" covered="0"/></method><method name="asc" desc="(Ljava/lang/String;)Lio/oigres/ecomm/service/users/api/model/SortRequest$Order;" line="328"><counter type="INSTRUCTION" missed="7" covered="0"/><counter type="LINE" missed="1" covered="0"/><counter type="COMPLEXITY" missed="1" covered="0"/><counter type="METHOD" missed="1" covered="0"/></method><method name="desc" desc="(Ljava/lang/String;)Lio/oigres/ecomm/service/users/api/model/SortRequest$Order;" line="339"><counter type="INSTRUCTION" missed="7" covered="0"/><counter type="LINE" missed="1" covered="0"/><counter type="COMPLEXITY" missed="1" covered="0"/><counter type="METHOD" missed="1" covered="0"/></method><method name="&lt;init&gt;" desc="(Lio/oigres/ecomm/service/users/api/model/SortRequest$Direction;Ljava/lang/String;ZLio/oigres/ecomm/service/users/api/model/SortRequest$NullHandling;)V" line="353"><counter type="INSTRUCTION" missed="30" covered="0"/><counter type="BRANCH" missed="6" covered="0"/><counter type="LINE" missed="8" covered="0"/><counter type="COMPLEXITY" missed="4" covered="0"/><counter type="METHOD" missed="1" covered="0"/></method><method name="getDirection" desc="()Lio/oigres/ecomm/service/users/api/model/SortRequest$Direction;" line="371"><counter type="INSTRUCTION" missed="3" covered="0"/><counter type="LINE" missed="1" covered="0"/><counter type="COMPLEXITY" missed="1" covered="0"/><counter type="METHOD" missed="1" covered="0"/></method><method name="getProperty" desc="()Ljava/lang/String;" line="380"><counter type="INSTRUCTION" missed="3" covered="0"/><counter type="LINE" missed="1" covered="0"/><counter type="COMPLEXITY" missed="1" covered="0"/><counter type="METHOD" missed="1" covered="0"/></method><method name="isAscending" desc="()Z" line="389"><counter type="INSTRUCTION" missed="4" covered="0"/><counter type="LINE" missed="1" covered="0"/><counter type="COMPLEXITY" missed="1" covered="0"/><counter type="METHOD" missed="1" covered="0"/></method><method name="isDescending" desc="()Z" line="399"><counter type="INSTRUCTION" missed="4" covered="0"/><counter type="LINE" missed="1" covered="0"/><counter type="COMPLEXITY" missed="1" covered="0"/><counter type="METHOD" missed="1" covered="0"/></method><method name="isIgnoreCase" desc="()Z" line="408"><counter type="INSTRUCTION" missed="3" covered="0"/><counter type="LINE" missed="1" covered="0"/><counter type="COMPLEXITY" missed="1" covered="0"/><counter type="METHOD" missed="1" covered="0"/></method><method name="with" desc="(Lio/oigres/ecomm/service/users/api/model/SortRequest$Direction;)Lio/oigres/ecomm/service/users/api/model/SortRequest$Order;" line="418"><counter type="INSTRUCTION" missed="11" covered="0"/><counter type="LINE" missed="1" covered="0"/><counter type="COMPLEXITY" missed="1" covered="0"/><counter type="METHOD" missed="1" covered="0"/></method><method name="withProperty" desc="(Ljava/lang/String;)Lio/oigres/ecomm/service/users/api/model/SortRequest$Order;" line="429"><counter type="INSTRUCTION" missed="11" covered="0"/><counter type="LINE" missed="1" covered="0"/><counter type="COMPLEXITY" missed="1" covered="0"/><counter type="METHOD" missed="1" covered="0"/></method><method name="withProperties" desc="([Ljava/lang/String;)Lio/oigres/ecomm/service/users/api/model/SortRequest;" line="439"><counter type="INSTRUCTION" missed="5" covered="0"/><counter type="LINE" missed="1" covered="0"/><counter type="COMPLEXITY" missed="1" covered="0"/><counter type="METHOD" missed="1" covered="0"/></method><method name="ignoreCase" desc="()Lio/oigres/ecomm/service/users/api/model/SortRequest$Order;" line="448"><counter type="INSTRUCTION" missed="11" covered="0"/><counter type="LINE" missed="1" covered="0"/><counter type="COMPLEXITY" missed="1" covered="0"/><counter type="METHOD" missed="1" covered="0"/></method><method name="with" desc="(Lio/oigres/ecomm/service/users/api/model/SortRequest$NullHandling;)Lio/oigres/ecomm/service/users/api/model/SortRequest$Order;" line="459"><counter type="INSTRUCTION" missed="11" covered="0"/><counter type="LINE" missed="1" covered="0"/><counter type="COMPLEXITY" missed="1" covered="0"/><counter type="METHOD" missed="1" covered="0"/></method><method name="nullsFirst" desc="()Lio/oigres/ecomm/service/users/api/model/SortRequest$Order;" line="469"><counter type="INSTRUCTION" missed="4" covered="0"/><counter type="LINE" missed="1" covered="0"/><counter type="COMPLEXITY" missed="1" covered="0"/><counter type="METHOD" missed="1" covered="0"/></method><method name="nullsLast" desc="()Lio/oigres/ecomm/service/users/api/model/SortRequest$Order;" line="479"><counter type="INSTRUCTION" missed="4" covered="0"/><counter type="LINE" missed="1" covered="0"/><counter type="COMPLEXITY" missed="1" covered="0"/><counter type="METHOD" missed="1" covered="0"/></method><method name="nullsNative" desc="()Lio/oigres/ecomm/service/users/api/model/SortRequest$Order;" line="489"><counter type="INSTRUCTION" missed="4" covered="0"/><counter type="LINE" missed="1" covered="0"/><counter type="COMPLEXITY" missed="1" covered="0"/><counter type="METHOD" missed="1" covered="0"/></method><method name="getNullHandling" desc="()Lio/oigres/ecomm/service/users/api/model/SortRequest$NullHandling;" line="499"><counter type="INSTRUCTION" missed="3" covered="0"/><counter type="LINE" missed="1" covered="0"/><counter type="COMPLEXITY" missed="1" covered="0"/><counter type="METHOD" missed="1" covered="0"/></method><method name="hashCode" desc="()I" line="509"><counter type="INSTRUCTION" missed="39" covered="0"/><counter type="BRANCH" missed="2" covered="0"/><counter type="LINE" missed="6" covered="0"/><counter type="COMPLEXITY" missed="2" covered="0"/><counter type="METHOD" missed="1" covered="0"/></method><method name="equals" desc="(Ljava/lang/Object;)Z" line="526"><counter type="INSTRUCTION" missed="40" covered="0"/><counter type="BRANCH" missed="12" covered="0"/><counter type="LINE" missed="8" covered="0"/><counter type="COMPLEXITY" missed="7" covered="0"/><counter type="METHOD" missed="1" covered="0"/></method><method name="toString" desc="()Ljava/lang/String;" line="549"><counter type="INSTRUCTION" missed="34" covered="0"/><counter type="BRANCH" missed="4" covered="0"/><counter type="LINE" missed="6" covered="0"/><counter type="COMPLEXITY" missed="3" covered="0"/><counter type="METHOD" missed="1" covered="0"/></method><method name="&lt;clinit&gt;" desc="()V" line="279"><counter type="INSTRUCTION" missed="3" covered="0"/><counter type="LINE" missed="1" covered="0"/><counter type="COMPLEXITY" missed="1" covered="0"/><counter type="METHOD" missed="1" covered="0"/></method><counter type="INSTRUCTION" missed="261" covered="0"/><counter type="BRANCH" missed="24" covered="0"/><counter type="LINE" missed="50" covered="0"/><counter type="COMPLEXITY" missed="36" covered="0"/><counter type="METHOD" missed="24" covered="0"/><counter type="CLASS" missed="1" covered="0"/></class><class name="io/oigres/ecomm/service/users/api/model/ValidateUserRequest$ValidateUserRequestBuilder" sourcefilename="ValidateUserRequest.java"/><class name="io/oigres/ecomm/service/users/api/model/DeleteProfileResponse" sourcefilename="DeleteProfileResponse.java"/><class name="io/oigres/ecomm/service/users/api/model/GetAllUsersResponse" sourcefilename="GetAllUsersResponse.java"/><class name="io/oigres/ecomm/service/users/api/model/GetUserResponse$GetUserResponseBuilder" sourcefilename="GetUserResponse.java"/><class name="io/oigres/ecomm/service/users/api/model/JacksonPageImpl" sourcefilename="JacksonPageImpl.java"><method name="&lt;init&gt;" desc="(Ljava/util/List;Lio/oigres/ecomm/service/users/api/model/JacksonPageableRequestImpl;J)V" line="35"><counter type="INSTRUCTION" missed="6" covered="0"/><counter type="LINE" missed="2" covered="0"/><counter type="COMPLEXITY" missed="1" covered="0"/><counter type="METHOD" missed="1" covered="0"/></method><counter type="INSTRUCTION" missed="6" covered="0"/><counter type="LINE" missed="2" covered="0"/><counter type="COMPLEXITY" missed="1" covered="0"/><counter type="METHOD" missed="1" covered="0"/><counter type="CLASS" missed="1" covered="0"/></class><class name="io/oigres/ecomm/service/users/api/model/SortRequest$NullHandling" sourcefilename="SortRequest.java"><method name="&lt;clinit&gt;" desc="()V" line="250"><counter type="INSTRUCTION" missed="21" covered="0"/><counter type="LINE" missed="4" covered="0"/><counter type="COMPLEXITY" missed="1" covered="0"/><counter type="METHOD" missed="1" covered="0"/></method><counter type="INSTRUCTION" missed="21" covered="0"/><counter type="LINE" missed="4" covered="0"/><counter type="COMPLEXITY" missed="1" covered="0"/><counter type="METHOD" missed="1" covered="0"/><counter type="CLASS" missed="1" covered="0"/></class><class name="io/oigres/ecomm/service/users/api/model/GetUserResponse" sourcefilename="GetUserResponse.java"/><class name="io/oigres/ecomm/service/users/api/model/GetAllUsersResponse$GetAllUsersResponseBuilderImpl" sourcefilename="GetAllUsersResponse.java"/><class name="io/oigres/ecomm/service/users/api/model/GetAllUsersResponse$GetAllUsersResponseBuilder" sourcefilename="GetAllUsersResponse.java"/><class name="io/oigres/ecomm/service/users/api/model/ValidateProfileResponse$ValidateProfileResponseBuilder" sourcefilename="ValidateProfileResponse.java"/><class name="io/oigres/ecomm/service/users/api/model/PageResponse" sourcefilename="PageResponse.java"><method name="empty" desc="()Lio/oigres/ecomm/service/users/api/model/PageResponse;" line="38"><counter type="INSTRUCTION" missed="3" covered="0"/><counter type="LINE" missed="1" covered="0"/><counter type="COMPLEXITY" missed="1" covered="0"/><counter type="METHOD" missed="1" covered="0"/></method><method name="empty" desc="(Lio/oigres/ecomm/service/users/api/model/PageableRequest;)Lio/oigres/ecomm/service/users/api/model/PageResponse;" line="49"><counter type="INSTRUCTION" missed="7" covered="0"/><counter type="LINE" missed="1" covered="0"/><counter type="COMPLEXITY" missed="1" covered="0"/><counter type="METHOD" missed="1" covered="0"/></method><counter type="INSTRUCTION" missed="10" covered="0"/><counter type="LINE" missed="2" covered="0"/><counter type="COMPLEXITY" missed="2" covered="0"/><counter type="METHOD" missed="2" covered="0"/><counter type="CLASS" missed="1" covered="0"/></class><class name="io/oigres/ecomm/service/users/api/model/ChunkResponse" sourcefilename="ChunkResponse.java"><method name="&lt;init&gt;" desc="(Ljava/util/List;Lio/oigres/ecomm/service/users/api/model/PageableRequest;)V" line="33"><counter type="INSTRUCTION" missed="16" covered="0"/><counter type="LINE" missed="5" covered="0"/><counter type="COMPLEXITY" missed="1" covered="0"/><counter type="METHOD" missed="1" covered="0"/></method><method name="getNumber" desc="()I" line="52"><counter type="INSTRUCTION" missed="10" covered="0"/><counter type="BRANCH" missed="2" covered="0"/><counter type="LINE" missed="1" covered="0"/><counter type="COMPLEXITY" missed="2" covered="0"/><counter type="METHOD" missed="1" covered="0"/></method><method name="getSize" desc="()I" line="60"><counter type="INSTRUCTION" missed="12" covered="0"/><counter type="BRANCH" missed="2" covered="0"/><counter type="LINE" missed="1" covered="0"/><counter type="COMPLEXITY" missed="2" covered="0"/><counter type="METHOD" missed="1" covered="0"/></method><method name="getNumberOfElements" desc="()I" line="68"><counter type="INSTRUCTION" missed="4" covered="0"/><counter type="LINE" missed="1" covered="0"/><counter type="COMPLEXITY" missed="1" covered="0"/><counter type="METHOD" missed="1" covered="0"/></method><method name="hasPrevious" desc="()Z" line="76"><counter type="INSTRUCTION" missed="7" covered="0"/><counter type="BRANCH" missed="2" covered="0"/><counter type="LINE" missed="1" covered="0"/><counter type="COMPLEXITY" missed="2" covered="0"/><counter type="METHOD" missed="1" covered="0"/></method><method name="isFirst" desc="()Z" line="84"><counter type="INSTRUCTION" missed="7" covered="0"/><counter type="BRANCH" missed="2" covered="0"/><counter type="LINE" missed="1" covered="0"/><counter type="COMPLEXITY" missed="2" covered="0"/><counter type="METHOD" missed="1" covered="0"/></method><method name="isLast" desc="()Z" line="92"><counter type="INSTRUCTION" missed="7" covered="0"/><counter type="BRANCH" missed="2" covered="0"/><counter type="LINE" missed="1" covered="0"/><counter type="COMPLEXITY" missed="2" covered="0"/><counter type="METHOD" missed="1" covered="0"/></method><method name="nextPageable" desc="()Lio/oigres/ecomm/service/users/api/model/PageableRequest;" line="100"><counter type="INSTRUCTION" missed="9" covered="0"/><counter type="BRANCH" missed="2" covered="0"/><counter type="LINE" missed="1" covered="0"/><counter type="COMPLEXITY" missed="2" covered="0"/><counter type="METHOD" missed="1" covered="0"/></method><method name="previousPageable" desc="()Lio/oigres/ecomm/service/users/api/model/PageableRequest;" line="108"><counter type="INSTRUCTION" missed="9" covered="0"/><counter type="BRANCH" missed="2" covered="0"/><counter type="LINE" missed="1" covered="0"/><counter type="COMPLEXITY" missed="2" covered="0"/><counter type="METHOD" missed="1" covered="0"/></method><method name="hasContent" desc="()Z" line="116"><counter type="INSTRUCTION" missed="8" covered="0"/><counter type="BRANCH" missed="2" covered="0"/><counter type="LINE" missed="1" covered="0"/><counter type="COMPLEXITY" missed="2" covered="0"/><counter type="METHOD" missed="1" covered="0"/></method><method name="getContent" desc="()Ljava/util/List;" line="124"><counter type="INSTRUCTION" missed="4" covered="0"/><counter type="LINE" missed="1" covered="0"/><counter type="COMPLEXITY" missed="1" covered="0"/><counter type="METHOD" missed="1" covered="0"/></method><method name="getPageable" desc="()Lio/oigres/ecomm/service/users/api/model/PageableRequest;" line="133"><counter type="INSTRUCTION" missed="3" covered="0"/><counter type="LINE" missed="1" covered="0"/><counter type="COMPLEXITY" missed="1" covered="0"/><counter type="METHOD" missed="1" covered="0"/></method><method name="getSort" desc="()Lio/oigres/ecomm/service/users/api/model/SortRequest;" line="142"><counter type="INSTRUCTION" missed="4" covered="0"/><counter type="LINE" missed="1" covered="0"/><counter type="COMPLEXITY" missed="1" covered="0"/><counter type="METHOD" missed="1" covered="0"/></method><method name="equals" desc="(Ljava/lang/Object;)Z" line="152"><counter type="INSTRUCTION" missed="33" covered="0"/><counter type="BRANCH" missed="8" covered="0"/><counter type="LINE" missed="8" covered="0"/><counter type="COMPLEXITY" missed="5" covered="0"/><counter type="METHOD" missed="1" covered="0"/></method><method name="hashCode" desc="()I" line="175"><counter type="INSTRUCTION" missed="20" covered="0"/><counter type="LINE" missed="4" covered="0"/><counter type="COMPLEXITY" missed="1" covered="0"/><counter type="METHOD" missed="1" covered="0"/></method><counter type="INSTRUCTION" missed="153" covered="0"/><counter type="BRANCH" missed="24" covered="0"/><counter type="LINE" missed="29" covered="0"/><counter type="COMPLEXITY" missed="27" covered="0"/><counter type="METHOD" missed="15" covered="0"/><counter type="CLASS" missed="1" covered="0"/></class><class name="io/oigres/ecomm/service/users/api/model/UnpagedRequest" sourcefilename="UnpagedRequest.java"><method name="isPaged" desc="()Z" line="34"><counter type="INSTRUCTION" missed="2" covered="0"/><counter type="LINE" missed="1" covered="0"/><counter type="COMPLEXITY" missed="1" covered="0"/><counter type="METHOD" missed="1" covered="0"/></method><method name="previousOrFirst" desc="()Lio/oigres/ecomm/service/users/api/model/PageableRequest;" line="43"><counter type="INSTRUCTION" missed="2" covered="0"/><counter type="LINE" missed="1" covered="0"/><counter type="COMPLEXITY" missed="1" covered="0"/><counter type="METHOD" missed="1" covered="0"/></method><method name="next" desc="()Lio/oigres/ecomm/service/users/api/model/PageableRequest;" line="52"><counter type="INSTRUCTION" missed="2" covered="0"/><counter type="LINE" missed="1" covered="0"/><counter type="COMPLEXITY" missed="1" covered="0"/><counter type="METHOD" missed="1" covered="0"/></method><method name="hasPrevious" desc="()Z" line="61"><counter type="INSTRUCTION" missed="2" covered="0"/><counter type="LINE" missed="1" covered="0"/><counter type="COMPLEXITY" missed="1" covered="0"/><counter type="METHOD" missed="1" covered="0"/></method><method name="getSort" desc="()Lio/oigres/ecomm/service/users/api/model/SortRequest;" line="70"><counter type="INSTRUCTION" missed="2" covered="0"/><counter type="LINE" missed="1" covered="0"/><counter type="COMPLEXITY" missed="1" covered="0"/><counter type="METHOD" missed="1" covered="0"/></method><method name="getPageSize" desc="()I" line="79"><counter type="INSTRUCTION" missed="4" covered="0"/><counter type="LINE" missed="1" covered="0"/><counter type="COMPLEXITY" missed="1" covered="0"/><counter type="METHOD" missed="1" covered="0"/></method><method name="getPageNumber" desc="()I" line="88"><counter type="INSTRUCTION" missed="4" covered="0"/><counter type="LINE" missed="1" covered="0"/><counter type="COMPLEXITY" missed="1" covered="0"/><counter type="METHOD" missed="1" covered="0"/></method><method name="getOffset" desc="()J" line="97"><counter type="INSTRUCTION" missed="4" covered="0"/><counter type="LINE" missed="1" covered="0"/><counter type="COMPLEXITY" missed="1" covered="0"/><counter type="METHOD" missed="1" covered="0"/></method><method name="first" desc="()Lio/oigres/ecomm/service/users/api/model/PageableRequest;" line="106"><counter type="INSTRUCTION" missed="2" covered="0"/><counter type="LINE" missed="1" covered="0"/><counter type="COMPLEXITY" missed="1" covered="0"/><counter type="METHOD" missed="1" covered="0"/></method><method name="withPage" desc="(I)Lio/oigres/ecomm/service/users/api/model/PageableRequest;" line="116"><counter type="INSTRUCTION" missed="8" covered="0"/><counter type="BRANCH" missed="2" covered="0"/><counter type="LINE" missed="3" covered="0"/><counter type="COMPLEXITY" missed="2" covered="0"/><counter type="METHOD" missed="1" covered="0"/></method><method name="&lt;clinit&gt;" desc="()V" line="25"><counter type="INSTRUCTION" missed="9" covered="0"/><counter type="LINE" missed="2" covered="0"/><counter type="COMPLEXITY" missed="1" covered="0"/><counter type="METHOD" missed="1" covered="0"/></method><counter type="INSTRUCTION" missed="41" covered="0"/><counter type="BRANCH" missed="2" covered="0"/><counter type="LINE" missed="14" covered="0"/><counter type="COMPLEXITY" missed="12" covered="0"/><counter type="METHOD" missed="11" covered="0"/><counter type="CLASS" missed="1" covered="0"/></class><class name="io/oigres/ecomm/service/users/api/model/UserTypeResponse" sourcefilename="UserTypeResponse.java"/><class name="io/oigres/ecomm/service/users/api/model/JacksonPageableRequestImpl" sourcefilename="JacksonPageableRequestImpl.java"><method name="&lt;init&gt;" desc="(II)V" line="31"><counter type="INSTRUCTION" missed="6" covered="0"/><counter type="LINE" missed="2" covered="0"/><counter type="COMPLEXITY" missed="1" covered="0"/><counter type="METHOD" missed="1" covered="0"/></method><counter type="INSTRUCTION" missed="6" covered="0"/><counter type="LINE" missed="2" covered="0"/><counter type="COMPLEXITY" missed="1" covered="0"/><counter type="METHOD" missed="1" covered="0"/><counter type="CLASS" missed="1" covered="0"/></class><class name="io/oigres/ecomm/service/users/api/model/CreateUserResponse$CreateUserResponseBuilder" sourcefilename="CreateUserResponse.java"/><class name="io/oigres/ecomm/service/users/api/model/CommonErrorHandlerResponse" sourcefilename="CommonErrorHandlerResponse.java"/><class name="io/oigres/ecomm/service/users/api/model/DeleteUserResponse" sourcefilename="DeleteUserResponse.java"/><class name="io/oigres/ecomm/service/users/api/model/DeleteUserResponse$DeleteUserResponseBuilder" sourcefilename="DeleteUserResponse.java"/><class name="io/oigres/ecomm/service/users/api/model/AbstractPageableRequest" sourcefilename="AbstractPageableRequest.java"><method name="&lt;init&gt;" desc="(II)V" line="42"><counter type="INSTRUCTION" missed="24" covered="0"/><counter type="BRANCH" missed="4" covered="0"/><counter type="LINE" missed="8" covered="0"/><counter type="COMPLEXITY" missed="3" covered="0"/><counter type="METHOD" missed="1" covered="0"/></method><method name="getPageSize" desc="()I" line="61"><counter type="INSTRUCTION" missed="3" covered="0"/><counter type="LINE" missed="1" covered="0"/><counter type="COMPLEXITY" missed="1" covered="0"/><counter type="METHOD" missed="1" covered="0"/></method><method name="getPageNumber" desc="()I" line="69"><counter type="INSTRUCTION" missed="3" covered="0"/><counter type="LINE" missed="1" covered="0"/><counter type="COMPLEXITY" missed="1" covered="0"/><counter type="METHOD" missed="1" covered="0"/></method><method name="getOffset" desc="()J" line="77"><counter type="INSTRUCTION" missed="8" covered="0"/><counter type="LINE" missed="1" covered="0"/><counter type="COMPLEXITY" missed="1" covered="0"/><counter type="METHOD" missed="1" covered="0"/></method><method name="hasPrevious" desc="()Z" line="85"><counter type="INSTRUCTION" missed="7" covered="0"/><counter type="BRANCH" missed="2" covered="0"/><counter type="LINE" missed="1" covered="0"/><counter type="COMPLEXITY" missed="2" covered="0"/><counter type="METHOD" missed="1" covered="0"/></method><method name="previousOrFirst" desc="()Lio/oigres/ecomm/service/users/api/model/PageableRequest;" line="93"><counter type="INSTRUCTION" missed="9" covered="0"/><counter type="BRANCH" missed="2" covered="0"/><counter type="LINE" missed="1" covered="0"/><counter type="COMPLEXITY" missed="2" covered="0"/><counter type="METHOD" missed="1" covered="0"/></method><method name="hashCode" desc="()I" line="122"><counter type="INSTRUCTION" missed="20" covered="0"/><counter type="LINE" missed="5" covered="0"/><counter type="COMPLEXITY" missed="1" covered="0"/><counter type="METHOD" missed="1" covered="0"/></method><method name="equals" desc="(Ljava/lang/Object;)Z" line="138"><counter type="INSTRUCTION" missed="31" covered="0"/><counter type="BRANCH" missed="10" covered="0"/><counter type="LINE" missed="6" covered="0"/><counter type="COMPLEXITY" missed="6" covered="0"/><counter type="METHOD" missed="1" covered="0"/></method><counter type="INSTRUCTION" missed="105" covered="0"/><counter type="BRANCH" missed="18" covered="0"/><counter type="LINE" missed="24" covered="0"/><counter type="COMPLEXITY" missed="17" covered="0"/><counter type="METHOD" missed="8" covered="0"/><counter type="CLASS" missed="1" covered="0"/></class><class name="io/oigres/ecomm/service/users/api/model/ValidateUserRequest" sourcefilename="ValidateUserRequest.java"/><class name="io/oigres/ecomm/service/users/api/model/VerifyCodeRequest$VerifyCodeRequestBuilder" sourcefilename="VerifyCodeRequest.java"/><class name="io/oigres/ecomm/service/users/api/model/UpdateProfileRequest" sourcefilename="UpdateProfileRequest.java"/><class name="io/oigres/ecomm/service/users/api/model/ImageUploadLocationResponse" sourcefilename="ImageUploadLocationResponse.java"/><class name="io/oigres/ecomm/service/users/api/model/VerifyCodeRequest" sourcefilename="VerifyCodeRequest.java"/><class name="io/oigres/ecomm/service/users/api/model/SendCodeRequest" sourcefilename="SendCodeRequest.java"/><class name="io/oigres/ecomm/service/users/api/model/CreateUserRequest" sourcefilename="CreateUserRequest.java"/><class name="io/oigres/ecomm/service/users/api/model/GetUserResponse$GetUserResponseBuilderImpl" sourcefilename="GetUserResponse.java"/><class name="io/oigres/ecomm/service/users/api/model/SortRequest" sourcefilename="SortRequest.java"><method name="&lt;init&gt;" desc="(Ljava/util/List;)V" line="44"><counter type="INSTRUCTION" missed="6" covered="0"/><counter type="LINE" missed="3" covered="0"/><counter type="COMPLEXITY" missed="1" covered="0"/><counter type="METHOD" missed="1" covered="0"/></method><method name="&lt;init&gt;" desc="(Lio/oigres/ecomm/service/users/api/model/SortRequest$Direction;Ljava/util/List;)V" line="54"><counter type="INSTRUCTION" missed="23" covered="0"/><counter type="BRANCH" missed="4" covered="0"/><counter type="LINE" missed="8" covered="0"/><counter type="COMPLEXITY" missed="3" covered="0"/><counter type="METHOD" missed="1" covered="0"/></method><method name="by" desc="([Ljava/lang/String;)Lio/oigres/ecomm/service/users/api/model/SortRequest;" line="73"><counter type="INSTRUCTION" missed="12" covered="0"/><counter type="BRANCH" missed="2" covered="0"/><counter type="LINE" missed="3" covered="0"/><counter type="COMPLEXITY" missed="2" covered="0"/><counter type="METHOD" missed="1" covered="0"/></method><method name="by" desc="(Ljava/util/List;)Lio/oigres/ecomm/service/users/api/model/SortRequest;" line="85"><counter type="INSTRUCTION" missed="10" covered="0"/><counter type="BRANCH" missed="2" covered="0"/><counter type="LINE" missed="1" covered="0"/><counter type="COMPLEXITY" missed="2" covered="0"/><counter type="METHOD" missed="1" covered="0"/></method><method name="by" desc="([Lio/oigres/ecomm/service/users/api/model/SortRequest$Order;)Lio/oigres/ecomm/service/users/api/model/SortRequest;" line="95"><counter type="INSTRUCTION" missed="6" covered="0"/><counter type="LINE" missed="1" covered="0"/><counter type="COMPLEXITY" missed="1" covered="0"/><counter type="METHOD" missed="1" covered="0"/></method><method name="by" desc="(Lio/oigres/ecomm/service/users/api/model/SortRequest$Direction;[Ljava/lang/String;)Lio/oigres/ecomm/service/users/api/model/SortRequest;" line="106"><counter type="INSTRUCTION" missed="10" covered="0"/><counter type="LINE" missed="4" covered="0"/><counter type="COMPLEXITY" missed="1" covered="0"/><counter type="METHOD" missed="1" covered="0"/></method><method name="unsorted" desc="()Lio/oigres/ecomm/service/users/api/model/SortRequest;" line="118"><counter type="INSTRUCTION" missed="2" covered="0"/><counter type="LINE" missed="1" covered="0"/><counter type="COMPLEXITY" missed="1" covered="0"/><counter type="METHOD" missed="1" covered="0"/></method><method name="descending" desc="()Lio/oigres/ecomm/service/users/api/model/SortRequest;" line="127"><counter type="INSTRUCTION" missed="4" covered="0"/><counter type="LINE" missed="1" covered="0"/><counter type="COMPLEXITY" missed="1" covered="0"/><counter type="METHOD" missed="1" covered="0"/></method><method name="ascending" desc="()Lio/oigres/ecomm/service/users/api/model/SortRequest;" line="136"><counter type="INSTRUCTION" missed="4" covered="0"/><counter type="LINE" missed="1" covered="0"/><counter type="COMPLEXITY" missed="1" covered="0"/><counter type="METHOD" missed="1" covered="0"/></method><method name="isSorted" desc="()Z" line="140"><counter type="INSTRUCTION" missed="7" covered="0"/><counter type="BRANCH" missed="2" covered="0"/><counter type="LINE" missed="1" covered="0"/><counter type="COMPLEXITY" missed="2" covered="0"/><counter type="METHOD" missed="1" covered="0"/></method><method name="isEmpty" desc="()Z" line="144"><counter type="INSTRUCTION" missed="4" covered="0"/><counter type="LINE" missed="1" covered="0"/><counter type="COMPLEXITY" missed="1" covered="0"/><counter type="METHOD" missed="1" covered="0"/></method><method name="isUnsorted" desc="()Z" line="148"><counter type="INSTRUCTION" missed="7" covered="0"/><counter type="BRANCH" missed="2" covered="0"/><counter type="LINE" missed="1" covered="0"/><counter type="COMPLEXITY" missed="2" covered="0"/><counter type="METHOD" missed="1" covered="0"/></method><method name="getOrders" desc="()Ljava/util/List;" line="152"><counter type="INSTRUCTION" missed="4" covered="0"/><counter type="LINE" missed="1" covered="0"/><counter type="COMPLEXITY" missed="1" covered="0"/><counter type="METHOD" missed="1" covered="0"/></method><method name="and" desc="(Lio/oigres/ecomm/service/users/api/model/SortRequest;)Lio/oigres/ecomm/service/users/api/model/SortRequest;" line="156"><counter type="INSTRUCTION" missed="25" covered="0"/><counter type="BRANCH" missed="2" covered="0"/><counter type="LINE" missed="5" covered="0"/><counter type="COMPLEXITY" missed="2" covered="0"/><counter type="METHOD" missed="1" covered="0"/></method><method name="withDirection" desc="(Lio/oigres/ecomm/service/users/api/model/SortRequest$Direction;)Lio/oigres/ecomm/service/users/api/model/SortRequest;" line="173"><counter type="INSTRUCTION" missed="11" covered="0"/><counter type="LINE" missed="2" covered="0"/><counter type="COMPLEXITY" missed="1" covered="0"/><counter type="METHOD" missed="1" covered="0"/></method><method name="lambda$withDirection$2" desc="(Lio/oigres/ecomm/service/users/api/model/SortRequest$Direction;Lio/oigres/ecomm/service/users/api/model/SortRequest$Order;)Lio/oigres/ecomm/service/users/api/model/SortRequest$Order;" line="174"><counter type="INSTRUCTION" missed="4" covered="0"/><counter type="LINE" missed="1" covered="0"/><counter type="COMPLEXITY" missed="1" covered="0"/><counter type="METHOD" missed="1" covered="0"/></method><method name="lambda$by$1" desc="(Lio/oigres/ecomm/service/users/api/model/SortRequest$Direction;Ljava/lang/String;)Lio/oigres/ecomm/service/users/api/model/SortRequest$Order;" line="108"><counter type="INSTRUCTION" missed="6" covered="0"/><counter type="LINE" missed="1" covered="0"/><counter type="COMPLEXITY" missed="1" covered="0"/><counter type="METHOD" missed="1" covered="0"/></method><method name="lambda$new$0" desc="(Lio/oigres/ecomm/service/users/api/model/SortRequest$Direction;Ljava/lang/String;)Lio/oigres/ecomm/service/users/api/model/SortRequest$Order;" line="62"><counter type="INSTRUCTION" missed="6" covered="0"/><counter type="LINE" missed="1" covered="0"/><counter type="COMPLEXITY" missed="1" covered="0"/><counter type="METHOD" missed="1" covered="0"/></method><method name="&lt;clinit&gt;" desc="()V" line="38"><counter type="INSTRUCTION" missed="7" covered="0"/><counter type="LINE" missed="2" covered="0"/><counter type="COMPLEXITY" missed="1" covered="0"/><counter type="METHOD" missed="1" covered="0"/></method><counter type="INSTRUCTION" missed="158" covered="0"/><counter type="BRANCH" missed="14" covered="0"/><counter type="LINE" missed="36" covered="0"/><counter type="COMPLEXITY" missed="26" covered="0"/><counter type="METHOD" missed="19" covered="0"/><counter type="CLASS" missed="1" covered="0"/></class><class name="io/oigres/ecomm/service/users/api/model/UpdateProfileRequest$UpdateProfileRequestBuilderImpl" sourcefilename="UpdateProfileRequest.java"/><class name="io/oigres/ecomm/service/users/api/model/PageableRequest" sourcefilename="PageableRequest.java"><method name="unpaged" desc="()Lio/oigres/ecomm/service/users/api/model/PageableRequest;" line="35"><counter type="INSTRUCTION" missed="2" covered="0"/><counter type="LINE" missed="1" covered="0"/><counter type="COMPLEXITY" missed="1" covered="0"/><counter type="METHOD" missed="1" covered="0"/></method><method name="ofSize" desc="(I)Lio/oigres/ecomm/service/users/api/model/PageableRequest;" line="46"><counter type="INSTRUCTION" missed="4" covered="0"/><counter type="LINE" missed="1" covered="0"/><counter type="COMPLEXITY" missed="1" covered="0"/><counter type="METHOD" missed="1" covered="0"/></method><method name="isPaged" desc="()Z" line="55"><counter type="INSTRUCTION" missed="2" covered="0"/><counter type="LINE" missed="1" covered="0"/><counter type="COMPLEXITY" missed="1" covered="0"/><counter type="METHOD" missed="1" covered="0"/></method><method name="isUnpaged" desc="()Z" line="64"><counter type="INSTRUCTION" missed="7" covered="0"/><counter type="BRANCH" missed="2" covered="0"/><counter type="LINE" missed="1" covered="0"/><counter type="COMPLEXITY" missed="2" covered="0"/><counter type="METHOD" missed="1" covered="0"/></method><method name="getSortOr" desc="(Lio/oigres/ecomm/service/users/api/model/SortRequest;)Lio/oigres/ecomm/service/users/api/model/SortRequest;" line="102"><counter type="INSTRUCTION" missed="9" covered="0"/><counter type="BRANCH" missed="2" covered="0"/><counter type="LINE" missed="1" covered="0"/><counter type="COMPLEXITY" missed="2" covered="0"/><counter type="METHOD" missed="1" covered="0"/></method><method name="toOptional" desc="()Ljava/util/Optional;" line="149"><counter type="INSTRUCTION" missed="8" covered="0"/><counter type="BRANCH" missed="2" covered="0"/><counter type="LINE" missed="1" covered="0"/><counter type="COMPLEXITY" missed="2" covered="0"/><counter type="METHOD" missed="1" covered="0"/></method><counter type="INSTRUCTION" missed="32" covered="0"/><counter type="BRANCH" missed="6" covered="0"/><counter type="LINE" missed="6" covered="0"/><counter type="COMPLEXITY" missed="9" covered="0"/><counter type="METHOD" missed="6" covered="0"/><counter type="CLASS" missed="1" covered="0"/></class><class name="io/oigres/ecomm/service/users/api/model/SendCodeRequest$SendCodeRequestBuilder" sourcefilename="SendCodeRequest.java"/><class name="io/oigres/ecomm/service/users/api/model/UpdateProfileResponse$UpdateProfileResponseBuilderImpl" sourcefilename="UpdateProfileResponse.java"/><class name="io/oigres/ecomm/service/users/api/model/DeleteProfileResponse$DeleteProfileResponseBuilder" sourcefilename="DeleteProfileResponse.java"/><class name="io/oigres/ecomm/service/users/api/model/UpdateProfileRequest$UpdateProfileRequestBuilder" sourcefilename="UpdateProfileRequest.java"/><class name="io/oigres/ecomm/service/users/api/model/UpdateProfileResponse$UpdateProfileResponseBuilder" sourcefilename="UpdateProfileResponse.java"/><class name="io/oigres/ecomm/service/users/api/model/CreateUserRequest$CreateUserRequestBuilderImpl" sourcefilename="CreateUserRequest.java"/><class name="io/oigres/ecomm/service/users/api/model/SliceResponse" sourcefilename="SliceResponse.java"><method name="getPageable" desc="()Lio/oigres/ecomm/service/users/api/model/PageableRequest;" line="108"><counter type="INSTRUCTION" missed="8" covered="0"/><counter type="LINE" missed="1" covered="0"/><counter type="COMPLEXITY" missed="1" covered="0"/><counter type="METHOD" missed="1" covered="0"/></method><method name="nextOrLastPageable" desc="()Lio/oigres/ecomm/service/users/api/model/PageableRequest;" line="138"><counter type="INSTRUCTION" missed="9" covered="0"/><counter type="BRANCH" missed="2" covered="0"/><counter type="LINE" missed="1" covered="0"/><counter type="COMPLEXITY" missed="2" covered="0"/><counter type="METHOD" missed="1" covered="0"/></method><method name="previousOrFirstPageable" desc="()Lio/oigres/ecomm/service/users/api/model/PageableRequest;" line="149"><counter type="INSTRUCTION" missed="9" covered="0"/><counter type="BRANCH" missed="2" covered="0"/><counter type="LINE" missed="1" covered="0"/><counter type="COMPLEXITY" missed="2" covered="0"/><counter type="METHOD" missed="1" covered="0"/></method><counter type="INSTRUCTION" missed="26" covered="0"/><counter type="BRANCH" missed="4" covered="0"/><counter type="LINE" missed="3" covered="0"/><counter type="COMPLEXITY" missed="5" covered="0"/><counter type="METHOD" missed="3" covered="0"/><counter type="CLASS" missed="1" covered="0"/></class><class name="io/oigres/ecomm/service/users/api/model/UpdateCardImageToUploadedStateResponse$UpdateCardImageToUploadedStateResponseBuilder" sourcefilename="UpdateCardImageToUploadedStateResponse.java"/><class name="io/oigres/ecomm/service/users/api/model/ValidateProfileResponse" sourcefilename="ValidateProfileResponse.java"><method name="&lt;init&gt;" desc="(Ljava/lang/Long;Ljava/lang/String;Ljava/lang/Boolean;)V" line="36"><counter type="INSTRUCTION" missed="12" covered="0"/><counter type="LINE" missed="5" covered="0"/><counter type="COMPLEXITY" missed="1" covered="0"/><counter type="METHOD" missed="1" covered="0"/></method><counter type="INSTRUCTION" missed="12" covered="0"/><counter type="LINE" missed="5" covered="0"/><counter type="COMPLEXITY" missed="1" covered="0"/><counter type="METHOD" missed="1" covered="0"/><counter type="CLASS" missed="1" covered="0"/></class><class name="io/oigres/ecomm/service/users/api/model/CommonErrorHandlerResponse$CommonErrorHandlerResponseBuilder" sourcefilename="CommonErrorHandlerResponse.java"/><class name="io/oigres/ecomm/service/users/api/model/CreateUserRequest$CreateUserRequestBuilder" sourcefilename="CreateUserRequest.java"/><class name="io/oigres/ecomm/service/users/api/model/UpdateProfileResponse" sourcefilename="UpdateProfileResponse.java"/><class name="io/oigres/ecomm/service/users/api/model/UpdateCardImageToUploadedStateResponse" sourcefilename="UpdateCardImageToUploadedStateResponse.java"/><class name="io/oigres/ecomm/service/users/api/model/GenderResponse$GenderResponseBuilder" sourcefilename="GenderResponse.java"/><class name="io/oigres/ecomm/service/users/api/model/ImageUploadLocationResponse$ImageUploadLocationResponseBuilder" sourcefilename="ImageUploadLocationResponse.java"/><class name="io/oigres/ecomm/service/users/api/model/UserTypeResponse$UserTypeResponseBuilder" sourcefilename="UserTypeResponse.java"/><class name="io/oigres/ecomm/service/users/api/model/UpdateProfileImageResponse$UpdateProfileImageResponseBuilder" sourcefilename="UpdateProfileImageResponse.java"/><class name="io/oigres/ecomm/service/users/api/model/BusinessApiException" sourcefilename="BusinessApiException.java"><method name="&lt;init&gt;" desc="()V" line="22"><counter type="INSTRUCTION" missed="3" covered="0"/><counter type="LINE" missed="1" covered="0"/><counter type="COMPLEXITY" missed="1" covered="0"/><counter type="METHOD" missed="1" covered="0"/></method><method name="&lt;init&gt;" desc="(Ljava/lang/String;)V" line="25"><counter type="INSTRUCTION" missed="4" covered="0"/><counter type="LINE" missed="2" covered="0"/><counter type="COMPLEXITY" missed="1" covered="0"/><counter type="METHOD" missed="1" covered="0"/></method><method name="&lt;init&gt;" desc="(Ljava/lang/String;Ljava/lang/Throwable;)V" line="29"><counter type="INSTRUCTION" missed="5" covered="0"/><counter type="LINE" missed="2" covered="0"/><counter type="COMPLEXITY" missed="1" covered="0"/><counter type="METHOD" missed="1" covered="0"/></method><method name="&lt;init&gt;" desc="(Ljava/lang/Throwable;)V" line="33"><counter type="INSTRUCTION" missed="4" covered="0"/><counter type="LINE" missed="2" covered="0"/><counter type="COMPLEXITY" missed="1" covered="0"/><counter type="METHOD" missed="1" covered="0"/></method><method name="&lt;init&gt;" desc="(Ljava/lang/String;Ljava/lang/Throwable;ZZ)V" line="38"><counter type="INSTRUCTION" missed="7" covered="0"/><counter type="LINE" missed="2" covered="0"/><counter type="COMPLEXITY" missed="1" covered="0"/><counter type="METHOD" missed="1" covered="0"/></method><counter type="INSTRUCTION" missed="23" covered="0"/><counter type="LINE" missed="9" covered="0"/><counter type="COMPLEXITY" missed="5" covered="0"/><counter type="METHOD" missed="5" covered="0"/><counter type="CLASS" missed="1" covered="0"/></class><class name="io/oigres/ecomm/service/users/api/model/ValidateUserResponse" sourcefilename="ValidateUserResponse.java"/><class name="io/oigres/ecomm/service/users/api/model/CreateUserResponse$CreateUserResponseBuilderImpl" sourcefilename="CreateUserResponse.java"/><class name="io/oigres/ecomm/service/users/api/model/DeleteProfileResponse$DeleteProfileResponseBuilderImpl" sourcefilename="DeleteProfileResponse.java"/><class name="io/oigres/ecomm/service/users/api/model/PageResponseImpl" sourcefilename="PageResponseImpl.java"><method name="&lt;init&gt;" desc="(Ljava/util/List;Lio/oigres/ecomm/service/users/api/model/PageableRequest;J)V" line="44"><counter type="INSTRUCTION" missed="23" covered="0"/><counter type="LINE" missed="8" covered="0"/><counter type="COMPLEXITY" missed="1" covered="0"/><counter type="METHOD" missed="1" covered="0"/></method><method name="&lt;init&gt;" desc="(Ljava/util/List;)V" line="62"><counter type="INSTRUCTION" missed="13" covered="0"/><counter type="BRANCH" missed="2" covered="0"/><counter type="LINE" missed="2" covered="0"/><counter type="COMPLEXITY" missed="2" covered="0"/><counter type="METHOD" missed="1" covered="0"/></method><method name="getTotalPages" desc="()I" line="71"><counter type="INSTRUCTION" missed="15" covered="0"/><counter type="BRANCH" missed="2" covered="0"/><counter type="LINE" missed="1" covered="0"/><counter type="COMPLEXITY" missed="2" covered="0"/><counter type="METHOD" missed="1" covered="0"/></method><method name="getTotalElements" desc="()J" line="80"><counter type="INSTRUCTION" missed="3" covered="0"/><counter type="LINE" missed="1" covered="0"/><counter type="COMPLEXITY" missed="1" covered="0"/><counter type="METHOD" missed="1" covered="0"/></method><method name="hasNext" desc="()Z" line="89"><counter type="INSTRUCTION" missed="11" covered="0"/><counter type="BRANCH" missed="2" covered="0"/><counter type="LINE" missed="1" covered="0"/><counter type="COMPLEXITY" missed="2" covered="0"/><counter type="METHOD" missed="1" covered="0"/></method><method name="isLast" desc="()Z" line="98"><counter type="INSTRUCTION" missed="7" covered="0"/><counter type="BRANCH" missed="2" covered="0"/><counter type="LINE" missed="1" covered="0"/><counter type="COMPLEXITY" missed="2" covered="0"/><counter type="METHOD" missed="1" covered="0"/></method><method name="toString" desc="()Ljava/lang/String;" line="108"><counter type="INSTRUCTION" missed="41" covered="0"/><counter type="BRANCH" missed="4" covered="0"/><counter type="LINE" missed="6" covered="0"/><counter type="COMPLEXITY" missed="3" covered="0"/><counter type="METHOD" missed="1" covered="0"/></method><method name="equals" desc="(Ljava/lang/Object;)Z" line="126"><counter type="INSTRUCTION" missed="27" covered="0"/><counter type="BRANCH" missed="8" covered="0"/><counter type="LINE" missed="6" covered="0"/><counter type="COMPLEXITY" missed="5" covered="0"/><counter type="METHOD" missed="1" covered="0"/></method><method name="hashCode" desc="()I" line="146"><counter type="INSTRUCTION" missed="24" covered="0"/><counter type="LINE" missed="4" covered="0"/><counter type="COMPLEXITY" missed="1" covered="0"/><counter type="METHOD" missed="1" covered="0"/></method><method name="lambda$new$2" desc="(Ljava/util/List;Lio/oigres/ecomm/service/users/api/model/PageableRequest;)Ljava/lang/Long;" line="51"><counter type="INSTRUCTION" missed="8" covered="0"/><counter type="LINE" missed="1" covered="0"/><counter type="COMPLEXITY" missed="1" covered="0"/><counter type="METHOD" missed="1" covered="0"/></method><method name="lambda$new$1" desc="(JLio/oigres/ecomm/service/users/api/model/PageableRequest;)Z" line="50"><counter type="INSTRUCTION" missed="13" covered="0"/><counter type="BRANCH" missed="2" covered="0"/><counter type="LINE" missed="1" covered="0"/><counter type="COMPLEXITY" missed="2" covered="0"/><counter type="METHOD" missed="1" covered="0"/></method><method name="lambda$new$0" desc="(Ljava/util/List;Lio/oigres/ecomm/service/users/api/model/PageableRequest;)Z" line="49"><counter type="INSTRUCTION" missed="7" covered="0"/><counter type="BRANCH" missed="2" covered="0"/><counter type="LINE" missed="1" covered="0"/><counter type="COMPLEXITY" missed="2" covered="0"/><counter type="METHOD" missed="1" covered="0"/></method><counter type="INSTRUCTION" missed="192" covered="0"/><counter type="BRANCH" missed="24" covered="0"/><counter type="LINE" missed="30" covered="0"/><counter type="COMPLEXITY" missed="24" covered="0"/><counter type="METHOD" missed="12" covered="0"/><counter type="CLASS" missed="1" covered="0"/></class><class name="io/oigres/ecomm/service/users/api/model/PageableRequestImpl" sourcefilename="PageableRequestImpl.java"><method name="&lt;init&gt;" desc="(IILio/oigres/ecomm/service/users/api/model/SortRequest;)V" line="43"><counter type="INSTRUCTION" missed="8" covered="0"/><counter type="LINE" missed="3" covered="0"/><counter type="COMPLEXITY" missed="1" covered="0"/><counter type="METHOD" missed="1" covered="0"/></method><method name="of" desc="(II)Lio/oigres/ecomm/service/users/api/model/PageableRequestImpl;" line="55"><counter type="INSTRUCTION" missed="5" covered="0"/><counter type="LINE" missed="1" covered="0"/><counter type="COMPLEXITY" missed="1" covered="0"/><counter type="METHOD" missed="1" covered="0"/></method><method name="of" desc="(IILio/oigres/ecomm/service/users/api/model/SortRequest;)Lio/oigres/ecomm/service/users/api/model/PageableRequestImpl;" line="67"><counter type="INSTRUCTION" missed="7" covered="0"/><counter type="LINE" missed="1" covered="0"/><counter type="COMPLEXITY" missed="1" covered="0"/><counter type="METHOD" missed="1" covered="0"/></method><method name="of" desc="(IILio/oigres/ecomm/service/users/api/model/SortRequest$Direction;[Ljava/lang/String;)Lio/oigres/ecomm/service/users/api/model/PageableRequestImpl;" line="81"><counter type="INSTRUCTION" missed="7" covered="0"/><counter type="LINE" missed="1" covered="0"/><counter type="COMPLEXITY" missed="1" covered="0"/><counter type="METHOD" missed="1" covered="0"/></method><method name="ofSize" desc="(I)Lio/oigres/ecomm/service/users/api/model/PageableRequestImpl;" line="92"><counter type="INSTRUCTION" missed="4" covered="0"/><counter type="LINE" missed="1" covered="0"/><counter type="COMPLEXITY" missed="1" covered="0"/><counter type="METHOD" missed="1" covered="0"/></method><method name="getSort" desc="()Lio/oigres/ecomm/service/users/api/model/SortRequest;" line="100"><counter type="INSTRUCTION" missed="3" covered="0"/><counter type="LINE" missed="1" covered="0"/><counter type="COMPLEXITY" missed="1" covered="0"/><counter type="METHOD" missed="1" covered="0"/></method><method name="next" desc="()Lio/oigres/ecomm/service/users/api/model/PageableRequestImpl;" line="109"><counter type="INSTRUCTION" missed="12" covered="0"/><counter type="LINE" missed="1" covered="0"/><counter type="COMPLEXITY" missed="1" covered="0"/><counter type="METHOD" missed="1" covered="0"/></method><method name="previous" desc="()Lio/oigres/ecomm/service/users/api/model/PageableRequestImpl;" line="118"><counter type="INSTRUCTION" missed="17" covered="0"/><counter type="BRANCH" missed="2" covered="0"/><counter type="LINE" missed="3" covered="0"/><counter type="COMPLEXITY" missed="2" covered="0"/><counter type="METHOD" missed="1" covered="0"/></method><method name="first" desc="()Lio/oigres/ecomm/service/users/api/model/PageableRequestImpl;" line="129"><counter type="INSTRUCTION" missed="9" covered="0"/><counter type="LINE" missed="1" covered="0"/><counter type="COMPLEXITY" missed="1" covered="0"/><counter type="METHOD" missed="1" covered="0"/></method><method name="equals" desc="(Ljava/lang/Object;)Z" line="139"><counter type="INSTRUCTION" missed="27" covered="0"/><counter type="BRANCH" missed="8" covered="0"/><counter type="LINE" missed="6" covered="0"/><counter type="COMPLEXITY" missed="5" covered="0"/><counter type="METHOD" missed="1" covered="0"/></method><method name="withPage" desc="(I)Lio/oigres/ecomm/service/users/api/model/PageableRequestImpl;" line="161"><counter type="INSTRUCTION" missed="9" covered="0"/><counter type="LINE" missed="1" covered="0"/><counter type="COMPLEXITY" missed="1" covered="0"/><counter type="METHOD" missed="1" covered="0"/></method><method name="withSort" desc="(Lio/oigres/ecomm/service/users/api/model/SortRequest$Direction;[Ljava/lang/String;)Lio/oigres/ecomm/service/users/api/model/PageableRequestImpl;" line="173"><counter type="INSTRUCTION" missed="11" covered="0"/><counter type="LINE" missed="2" covered="0"/><counter type="COMPLEXITY" missed="1" covered="0"/><counter type="METHOD" missed="1" covered="0"/></method><method name="withSort" desc="(Lio/oigres/ecomm/service/users/api/model/SortRequest;)Lio/oigres/ecomm/service/users/api/model/PageableRequestImpl;" line="185"><counter type="INSTRUCTION" missed="9" covered="0"/><counter type="LINE" missed="1" covered="0"/><counter type="COMPLEXITY" missed="1" covered="0"/><counter type="METHOD" missed="1" covered="0"/></method><method name="hashCode" desc="()I" line="194"><counter type="INSTRUCTION" missed="9" covered="0"/><counter type="LINE" missed="1" covered="0"/><counter type="COMPLEXITY" missed="1" covered="0"/><counter type="METHOD" missed="1" covered="0"/></method><method name="toString" desc="()Ljava/lang/String;" line="203"><counter type="INSTRUCTION" missed="22" covered="0"/><counter type="LINE" missed="2" covered="0"/><counter type="COMPLEXITY" missed="1" covered="0"/><counter type="METHOD" missed="1" covered="0"/></method><counter type="INSTRUCTION" missed="159" covered="0"/><counter type="BRANCH" missed="10" covered="0"/><counter type="LINE" missed="26" covered="0"/><counter type="COMPLEXITY" missed="20" covered="0"/><counter type="METHOD" missed="15" covered="0"/><counter type="CLASS" missed="1" covered="0"/></class><class name="io/oigres/ecomm/service/users/api/model/ValidateUserResponse$ValidateUserResponseBuilder" sourcefilename="ValidateUserResponse.java"/><class name="io/oigres/ecomm/service/users/api/model/UpdateProfileImageResponse" sourcefilename="UpdateProfileImageResponse.java"/><class name="io/oigres/ecomm/service/users/api/model/CreateUserResponse" sourcefilename="CreateUserResponse.java"/><class name="io/oigres/ecomm/service/users/api/model/GenderResponse" sourcefilename="GenderResponse.java"/><sourcefile name="UpdateCardImageToUploadedStateResponse.java"/><sourcefile name="UpdateProfileRequest.java"/><sourcefile name="CreateUserRequest.java"/><sourcefile name="AbstractPageableRequest.java"><line nr="42" mi="2" ci="0" mb="0" cb="0"/><line nr="44" mi="2" ci="0" mb="2" cb="0"/><line nr="45" mi="5" ci="0" mb="0" cb="0"/><line nr="48" mi="3" ci="0" mb="2" cb="0"/><line nr="49" mi="5" ci="0" mb="0" cb="0"/><line nr="52" mi="3" ci="0" mb="0" cb="0"/><line nr="53" mi="3" ci="0" mb="0" cb="0"/><line nr="54" mi="1" ci="0" mb="0" cb="0"/><line nr="61" mi="3" ci="0" mb="0" cb="0"/><line nr="69" mi="3" ci="0" mb="0" cb="0"/><line nr="77" mi="8" ci="0" mb="0" cb="0"/><line nr="85" mi="7" ci="0" mb="2" cb="0"/><line nr="93" mi="9" ci="0" mb="2" cb="0"/><line nr="122" mi="2" ci="0" mb="0" cb="0"/><line nr="123" mi="2" ci="0" mb="0" cb="0"/><line nr="125" mi="7" ci="0" mb="0" cb="0"/><line nr="126" mi="7" ci="0" mb="0" cb="0"/><line nr="128" mi="2" ci="0" mb="0" cb="0"/><line nr="138" mi="3" ci="0" mb="2" cb="0"/><line nr="139" mi="2" ci="0" mb="0" cb="0"/><line nr="142" mi="7" ci="0" mb="4" cb="0"/><line nr="143" mi="2" ci="0" mb="0" cb="0"/><line nr="146" mi="3" ci="0" mb="0" cb="0"/><line nr="147" mi="14" ci="0" mb="4" cb="0"/><counter type="INSTRUCTION" missed="105" covered="0"/><counter type="BRANCH" missed="18" covered="0"/><counter type="LINE" missed="24" covered="0"/><counter type="COMPLEXITY" missed="17" covered="0"/><counter type="METHOD" missed="8" covered="0"/><counter type="CLASS" missed="1" covered="0"/></sourcefile><sourcefile name="PageableRequest.java"><line nr="35" mi="2" ci="0" mb="0" cb="0"/><line nr="46" mi="4" ci="0" mb="0" cb="0"/><line nr="55" mi="2" ci="0" mb="0" cb="0"/><line nr="64" mi="7" ci="0" mb="2" cb="0"/><line nr="102" mi="9" ci="0" mb="2" cb="0"/><line nr="149" mi="8" ci="0" mb="2" cb="0"/><counter type="INSTRUCTION" missed="32" covered="0"/><counter type="BRANCH" missed="6" covered="0"/><counter type="LINE" missed="6" covered="0"/><counter type="COMPLEXITY" missed="9" covered="0"/><counter type="METHOD" missed="6" covered="0"/><counter type="CLASS" missed="1" covered="0"/></sourcefile><sourcefile name="CreateUserResponse.java"/><sourcefile name="BusinessApiException.java"><line nr="22" mi="3" ci="0" mb="0" cb="0"/><line nr="25" mi="3" ci="0" mb="0" cb="0"/><line nr="26" mi="1" ci="0" mb="0" cb="0"/><line nr="29" mi="4" ci="0" mb="0" cb="0"/><line nr="30" mi="1" ci="0" mb="0" cb="0"/><line nr="33" mi="3" ci="0" mb="0" cb="0"/><line nr="34" mi="1" ci="0" mb="0" cb="0"/><line nr="38" mi="6" ci="0" mb="0" cb="0"/><line nr="39" mi="1" ci="0" mb="0" cb="0"/><counter type="INSTRUCTION" missed="23" covered="0"/><counter type="LINE" missed="9" covered="0"/><counter type="COMPLEXITY" missed="5" covered="0"/><counter type="METHOD" missed="5" covered="0"/><counter type="CLASS" missed="1" covered="0"/></sourcefile><sourcefile name="CommonErrorHandlerResponse.java"/><sourcefile name="ImageUploadLocationResponse.java"/><sourcefile name="ChunkResponse.java"><line nr="33" mi="5" ci="0" mb="0" cb="0"/><line nr="42" mi="2" ci="0" mb="0" cb="0"/><line nr="43" mi="5" ci="0" mb="0" cb="0"/><line nr="44" mi="3" ci="0" mb="0" cb="0"/><line nr="45" mi="1" ci="0" mb="0" cb="0"/><line nr="52" mi="10" ci="0" mb="2" cb="0"/><line nr="60" mi="12" ci="0" mb="2" cb="0"/><line nr="68" mi="4" ci="0" mb="0" cb="0"/><line nr="76" mi="7" ci="0" mb="2" cb="0"/><line nr="84" mi="7" ci="0" mb="2" cb="0"/><line nr="92" mi="7" ci="0" mb="2" cb="0"/><line nr="100" mi="9" ci="0" mb="2" cb="0"/><line nr="108" mi="9" ci="0" mb="2" cb="0"/><line nr="116" mi="8" ci="0" mb="2" cb="0"/><line nr="124" mi="4" ci="0" mb="0" cb="0"/><line nr="133" mi="3" ci="0" mb="0" cb="0"/><line nr="142" mi="4" ci="0" mb="0" cb="0"/><line nr="152" mi="3" ci="0" mb="2" cb="0"/><line nr="153" mi="2" ci="0" mb="0" cb="0"/><line nr="156" mi="3" ci="0" mb="2" cb="0"/><line nr="157" mi="2" ci="0" mb="0" cb="0"/><line nr="160" mi="3" ci="0" mb="0" cb="0"/><line nr="162" mi="6" ci="0" mb="0" cb="0"/><line nr="163" mi="6" ci="0" mb="0" cb="0"/><line nr="165" mi="8" ci="0" mb="4" cb="0"/><line nr="175" mi="2" ci="0" mb="0" cb="0"/><line nr="177" mi="8" ci="0" mb="0" cb="0"/><line nr="178" mi="8" ci="0" mb="0" cb="0"/><line nr="180" mi="2" ci="0" mb="0" cb="0"/><counter type="INSTRUCTION" missed="153" covered="0"/><counter type="BRANCH" missed="24" covered="0"/><counter type="LINE" missed="29" covered="0"/><counter type="COMPLEXITY" missed="27" covered="0"/><counter type="METHOD" missed="15" covered="0"/><counter type="CLASS" missed="1" covered="0"/></sourcefile><sourcefile name="JacksonPageImpl.java"><line nr="35" mi="5" ci="0" mb="0" cb="0"/><line nr="36" mi="1" ci="0" mb="0" cb="0"/><counter type="INSTRUCTION" missed="6" covered="0"/><counter type="LINE" missed="2" covered="0"/><counter type="COMPLEXITY" missed="1" covered="0"/><counter type="METHOD" missed="1" covered="0"/><counter type="CLASS" missed="1" covered="0"/></sourcefile><sourcefile name="SendCodeRequest.java"/><sourcefile name="PageResponseImpl.java"><line nr="44" mi="4" ci="0" mb="0" cb="0"/><line nr="46" mi="2" ci="0" mb="0" cb="0"/><line nr="48" mi="3" ci="0" mb="0" cb="0"/><line nr="49" mi="10" ci="0" mb="2" cb="0"/><line nr="50" mi="16" ci="0" mb="2" cb="0"/><line nr="51" mi="10" ci="0" mb="0" cb="0"/><line nr="52" mi="5" ci="0" mb="0" cb="0"/><line nr="53" mi="1" ci="0" mb="0" cb="0"/><line nr="62" mi="12" ci="0" mb="2" cb="0"/><line nr="63" mi="1" ci="0" mb="0" cb="0"/><line nr="71" mi="15" ci="0" mb="2" cb="0"/><line nr="80" mi="3" ci="0" mb="0" cb="0"/><line nr="89" mi="11" ci="0" mb="2" cb="0"/><line nr="98" mi="7" ci="0" mb="2" cb="0"/><line nr="108" mi="2" ci="0" mb="0" cb="0"/><line nr="109" mi="3" ci="0" mb="0" cb="0"/><line nr="111" mi="7" ci="0" mb="4" cb="0"/><line nr="112" mi="6" ci="0" mb="0" cb="0"/><line nr="115" mi="8" ci="0" mb="0" cb="0"/><line nr="116" mi="15" ci="0" mb="0" cb="0"/><line nr="126" mi="3" ci="0" mb="2" cb="0"/><line nr="127" mi="2" ci="0" mb="0" cb="0"/><line nr="130" mi="3" ci="0" mb="2" cb="0"/><line nr="131" mi="2" ci="0" mb="0" cb="0"/><line nr="134" mi="3" ci="0" mb="0" cb="0"/><line nr="136" mi="14" ci="0" mb="4" cb="0"/><line nr="146" mi="2" ci="0" mb="0" cb="0"/><line nr="148" mi="13" ci="0" mb="0" cb="0"/><line nr="149" mi="7" ci="0" mb="0" cb="0"/><line nr="151" mi="2" ci="0" mb="0" cb="0"/><counter type="INSTRUCTION" missed="192" covered="0"/><counter type="BRANCH" missed="24" covered="0"/><counter type="LINE" missed="30" covered="0"/><counter type="COMPLEXITY" missed="24" covered="0"/><counter type="METHOD" missed="12" covered="0"/><counter type="CLASS" missed="1" covered="0"/></sourcefile><sourcefile name="JacksonPageableRequestImpl.java"><line nr="31" mi="5" ci="0" mb="0" cb="0"/><line nr="32" mi="1" ci="0" mb="0" cb="0"/><counter type="INSTRUCTION" missed="6" covered="0"/><counter type="LINE" missed="2" covered="0"/><counter type="COMPLEXITY" missed="1" covered="0"/><counter type="METHOD" missed="1" covered="0"/><counter type="CLASS" missed="1" covered="0"/></sourcefile><sourcefile name="UserTypeResponse.java"/><sourcefile name="DeleteProfileResponse.java"/><sourcefile name="UnpagedRequest.java"><line nr="25" mi="3" ci="0" mb="0" cb="0"/><line nr="26" mi="6" ci="0" mb="0" cb="0"/><line nr="34" mi="2" ci="0" mb="0" cb="0"/><line nr="43" mi="2" ci="0" mb="0" cb="0"/><line nr="52" mi="2" ci="0" mb="0" cb="0"/><line nr="61" mi="2" ci="0" mb="0" cb="0"/><line nr="70" mi="2" ci="0" mb="0" cb="0"/><line nr="79" mi="4" ci="0" mb="0" cb="0"/><line nr="88" mi="4" ci="0" mb="0" cb="0"/><line nr="97" mi="4" ci="0" mb="0" cb="0"/><line nr="106" mi="2" ci="0" mb="0" cb="0"/><line nr="116" mi="2" ci="0" mb="2" cb="0"/><line nr="117" mi="2" ci="0" mb="0" cb="0"/><line nr="120" mi="4" ci="0" mb="0" cb="0"/><counter type="INSTRUCTION" missed="41" covered="0"/><counter type="BRANCH" missed="2" covered="0"/><counter type="LINE" missed="14" covered="0"/><counter type="COMPLEXITY" missed="12" covered="0"/><counter type="METHOD" missed="11" covered="0"/><counter type="CLASS" missed="1" covered="0"/></sourcefile><sourcefile name="VerifyCodeRequest.java"/><sourcefile name="DeleteUserResponse.java"/><sourcefile name="ValidateUserResponse.java"/><sourcefile name="SortRequest.java"><line nr="38" mi="4" ci="0" mb="0" cb="0"/><line nr="40" mi="3" ci="0" mb="0" cb="0"/><line nr="44" mi="2" ci="0" mb="0" cb="0"/><line nr="45" mi="3" ci="0" mb="0" cb="0"/><line nr="46" mi="1" ci="0" mb="0" cb="0"/><line nr="54" mi="2" ci="0" mb="0" cb="0"/><line nr="56" mi="5" ci="0" mb="4" cb="0"/><line nr="57" mi="5" ci="0" mb="0" cb="0"/><line nr="60" mi="2" ci="0" mb="0" cb="0"/><line nr="61" mi="3" ci="0" mb="0" cb="0"/><line nr="62" mi="7" ci="0" mb="0" cb="0"/><line nr="63" mi="4" ci="0" mb="0" cb="0"/><line nr="64" mi="1" ci="0" mb="0" cb="0"/><line nr="73" mi="4" ci="0" mb="2" cb="0"/><line nr="74" mi="2" ci="0" mb="0" cb="0"/><line nr="75" mi="6" ci="0" mb="0" cb="0"/><line nr="85" mi="10" ci="0" mb="2" cb="0"/><line nr="95" mi="6" ci="0" mb="0" cb="0"/><line nr="106" mi="3" ci="0" mb="0" cb="0"/><line nr="107" mi="3" ci="0" mb="0" cb="0"/><line nr="108" mi="7" ci="0" mb="0" cb="0"/><line nr="109" mi="3" ci="0" mb="0" cb="0"/><line nr="118" mi="2" ci="0" mb="0" cb="0"/><line nr="127" mi="4" ci="0" mb="0" cb="0"/><line nr="136" mi="4" ci="0" mb="0" cb="0"/><line nr="140" mi="7" ci="0" mb="2" cb="0"/><line nr="144" mi="4" ci="0" mb="0" cb="0"/><line nr="148" mi="7" ci="0" mb="2" cb="0"/><line nr="152" mi="4" ci="0" mb="0" cb="0"/><line nr="156" mi="6" ci="0" mb="0" cb="0"/><line nr="158" mi="11" ci="0" mb="2" cb="0"/><line nr="159" mi="4" ci="0" mb="0" cb="0"/><line nr="160" mi="1" ci="0" mb="0" cb="0"/><line nr="162" mi="3" ci="0" mb="0" cb="0"/><line nr="173" mi="4" ci="0" mb="0" cb="0"/><line nr="174" mi="11" ci="0" mb="0" cb="0"/><line nr="182" mi="3" ci="0" mb="0" cb="0"/><line nr="183" mi="6" ci="0" mb="0" cb="0"/><line nr="184" mi="6" ci="0" mb="0" cb="0"/><line nr="193" mi="4" ci="0" mb="0" cb="0"/><line nr="203" mi="4" ci="0" mb="0" cb="0"/><line nr="216" mi="5" ci="0" mb="0" cb="0"/><line nr="217" mi="1" ci="0" mb="0" cb="0"/><line nr="218" mi="9" ci="0" mb="0" cb="0"/><line nr="219" mi="4" ci="0" mb="0" cb="0"/><line nr="237" mi="4" ci="0" mb="0" cb="0"/><line nr="238" mi="1" ci="0" mb="0" cb="0"/><line nr="239" mi="2" ci="0" mb="0" cb="0"/><line nr="250" mi="3" ci="0" mb="0" cb="0"/><line nr="255" mi="6" ci="0" mb="0" cb="0"/><line nr="260" mi="6" ci="0" mb="0" cb="0"/><line nr="265" mi="6" ci="0" mb="0" cb="0"/><line nr="279" mi="3" ci="0" mb="0" cb="0"/><line nr="294" mi="6" ci="0" mb="0" cb="0"/><line nr="295" mi="1" ci="0" mb="0" cb="0"/><line nr="306" mi="6" ci="0" mb="0" cb="0"/><line nr="307" mi="1" ci="0" mb="0" cb="0"/><line nr="317" mi="6" ci="0" mb="0" cb="0"/><line nr="328" mi="7" ci="0" mb="0" cb="0"/><line nr="339" mi="7" ci="0" mb="0" cb="0"/><line nr="353" mi="2" ci="0" mb="0" cb="0"/><line nr="355" mi="6" ci="0" mb="4" cb="0"/><line nr="356" mi="5" ci="0" mb="0" cb="0"/><line nr="359" mi="7" ci="0" mb="2" cb="0"/><line nr="360" mi="3" ci="0" mb="0" cb="0"/><line nr="361" mi="3" ci="0" mb="0" cb="0"/><line nr="362" mi="3" ci="0" mb="0" cb="0"/><line nr="363" mi="1" ci="0" mb="0" cb="0"/><line nr="371" mi="3" ci="0" mb="0" cb="0"/><line nr="380" mi="3" ci="0" mb="0" cb="0"/><line nr="389" mi="4" ci="0" mb="0" cb="0"/><line nr="399" mi="4" ci="0" mb="0" cb="0"/><line nr="408" mi="3" ci="0" mb="0" cb="0"/><line nr="418" mi="11" ci="0" mb="0" cb="0"/><line nr="429" mi="11" ci="0" mb="0" cb="0"/><line nr="439" mi="5" ci="0" mb="0" cb="0"/><line nr="448" mi="11" ci="0" mb="0" cb="0"/><line nr="459" mi="11" ci="0" mb="0" cb="0"/><line nr="469" mi="4" ci="0" mb="0" cb="0"/><line nr="479" mi="4" ci="0" mb="0" cb="0"/><line nr="489" mi="4" ci="0" mb="0" cb="0"/><line nr="499" mi="3" ci="0" mb="0" cb="0"/><line nr="509" mi="2" ci="0" mb="0" cb="0"/><line nr="511" mi="8" ci="0" mb="0" cb="0"/><line nr="512" mi="8" ci="0" mb="0" cb="0"/><line nr="513" mi="11" ci="0" mb="2" cb="0"/><line nr="514" mi="8" ci="0" mb="0" cb="0"/><line nr="516" mi="2" ci="0" mb="0" cb="0"/><line nr="526" mi="3" ci="0" mb="2" cb="0"/><line nr="527" mi="2" ci="0" mb="0" cb="0"/><line nr="530" mi="3" ci="0" mb="2" cb="0"/><line nr="531" mi="2" ci="0" mb="0" cb="0"/><line nr="534" mi="3" ci="0" mb="0" cb="0"/><line nr="536" mi="11" ci="0" mb="2" cb="0"/><line nr="537" mi="11" ci="0" mb="4" cb="0"/><line nr="539" mi="5" ci="0" mb="2" cb="0"/><line nr="549" mi="15" ci="0" mb="0" cb="0"/><line nr="551" mi="5" ci="0" mb="2" cb="0"/><line nr="552" mi="6" ci="0" mb="0" cb="0"/><line nr="555" mi="3" ci="0" mb="2" cb="0"/><line nr="556" mi="3" ci="0" mb="0" cb="0"/><line nr="559" mi="2" ci="0" mb="0" cb="0"/><counter type="INSTRUCTION" missed="489" covered="0"/><counter type="BRANCH" missed="38" covered="0"/><counter type="LINE" missed="102" covered="0"/><counter type="COMPLEXITY" missed="68" covered="0"/><counter type="METHOD" missed="49" covered="0"/><counter type="CLASS" missed="4" covered="0"/></sourcefile><sourcefile name="GetAllUsersResponse.java"/><sourcefile name="ValidateProfileResponse.java"><line nr="36" mi="2" ci="0" mb="0" cb="0"/><line nr="37" mi="3" ci="0" mb="0" cb="0"/><line nr="38" mi="3" ci="0" mb="0" cb="0"/><line nr="39" mi="3" ci="0" mb="0" cb="0"/><line nr="40" mi="1" ci="0" mb="0" cb="0"/><counter type="INSTRUCTION" missed="12" covered="0"/><counter type="LINE" missed="5" covered="0"/><counter type="COMPLEXITY" missed="1" covered="0"/><counter type="METHOD" missed="1" covered="0"/><counter type="CLASS" missed="1" covered="0"/></sourcefile><sourcefile name="PageResponse.java"><line nr="38" mi="3" ci="0" mb="0" cb="0"/><line nr="49" mi="7" ci="0" mb="0" cb="0"/><counter type="INSTRUCTION" missed="10" covered="0"/><counter type="LINE" missed="2" covered="0"/><counter type="COMPLEXITY" missed="2" covered="0"/><counter type="METHOD" missed="2" covered="0"/><counter type="CLASS" missed="1" covered="0"/></sourcefile><sourcefile name="PageableRequestImpl.java"><line nr="43" mi="4" ci="0" mb="0" cb="0"/><line nr="44" mi="3" ci="0" mb="0" cb="0"/><line nr="45" mi="1" ci="0" mb="0" cb="0"/><line nr="55" mi="5" ci="0" mb="0" cb="0"/><line nr="67" mi="7" ci="0" mb="0" cb="0"/><line nr="81" mi="7" ci="0" mb="0" cb="0"/><line nr="92" mi="4" ci="0" mb="0" cb="0"/><line nr="100" mi="3" ci="0" mb="0" cb="0"/><line nr="109" mi="12" ci="0" mb="0" cb="0"/><line nr="118" mi="4" ci="0" mb="2" cb="0"/><line nr="119" mi="2" ci="0" mb="0" cb="0"/><line nr="120" mi="11" ci="0" mb="0" cb="0"/><line nr="129" mi="9" ci="0" mb="0" cb="0"/><line nr="139" mi="3" ci="0" mb="2" cb="0"/><line nr="140" mi="2" ci="0" mb="0" cb="0"/><line nr="143" mi="3" ci="0" mb="2" cb="0"/><line nr="144" mi="2" ci="0" mb="0" cb="0"/><line nr="147" mi="3" ci="0" mb="0" cb="0"/><line nr="149" mi="14" ci="0" mb="4" cb="0"/><line nr="161" mi="9" ci="0" mb="0" cb="0"/><line nr="173" mi="4" ci="0" mb="0" cb="0"/><line nr="174" mi="7" ci="0" mb="0" cb="0"/><line nr="185" mi="9" ci="0" mb="0" cb="0"/><line nr="194" mi="9" ci="0" mb="0" cb="0"/><line nr="203" mi="8" ci="0" mb="0" cb="0"/><line nr="204" mi="14" ci="0" mb="0" cb="0"/><counter type="INSTRUCTION" missed="159" covered="0"/><counter type="BRANCH" missed="10" covered="0"/><counter type="LINE" missed="26" covered="0"/><counter type="COMPLEXITY" missed="20" covered="0"/><counter type="METHOD" missed="15" covered="0"/><counter type="CLASS" missed="1" covered="0"/></sourcefile><sourcefile name="GetUserResponse.java"/><sourcefile name="UpdateProfileImageResponse.java"/><sourcefile name="SliceResponse.java"><line nr="108" mi="8" ci="0" mb="0" cb="0"/><line nr="138" mi="9" ci="0" mb="2" cb="0"/><line nr="149" mi="9" ci="0" mb="2" cb="0"/><counter type="INSTRUCTION" missed="26" covered="0"/><counter type="BRANCH" missed="4" covered="0"/><counter type="LINE" missed="3" covered="0"/><counter type="COMPLEXITY" missed="5" covered="0"/><counter type="METHOD" missed="3" covered="0"/><counter type="CLASS" missed="1" covered="0"/></sourcefile><sourcefile name="UpdateProfileResponse.java"/><sourcefile name="GenderResponse.java"/><sourcefile name="ValidateUserRequest.java"/><counter type="INSTRUCTION" missed="1254" covered="0"/><counter type="BRANCH" missed="126" covered="0"/><counter type="LINE" missed="254" covered="0"/><counter type="COMPLEXITY" missed="192" covered="0"/><counter type="METHOD" missed="129" covered="0"/><counter type="CLASS" missed="16" covered="0"/></package><package name="io/oigres/ecomm/service/users"><class name="io/oigres/ecomm/service/users/Constants" sourcefilename="Constants.java"/><class name="io/oigres/ecomm/service/users/Routes" sourcefilename="Routes.java"><method name="&lt;init&gt;" desc="()V" line="20"><counter type="INSTRUCTION" missed="3" covered="0"/><counter type="LINE" missed="1" covered="0"/><counter type="COMPLEXITY" missed="1" covered="0"/><counter type="METHOD" missed="1" covered="0"/></method><counter type="INSTRUCTION" missed="3" covered="0"/><counter type="LINE" missed="1" covered="0"/><counter type="COMPLEXITY" missed="1" covered="0"/><counter type="METHOD" missed="1" covered="0"/><counter type="CLASS" missed="1" covered="0"/></class><sourcefile name="Constants.java"/><sourcefile name="Routes.java"><line nr="20" mi="3" ci="0" mb="0" cb="0"/><counter type="INSTRUCTION" missed="3" covered="0"/><counter type="LINE" missed="1" covered="0"/><counter type="COMPLEXITY" missed="1" covered="0"/><counter type="METHOD" missed="1" covered="0"/><counter type="CLASS" missed="1" covered="0"/></sourcefile><counter type="INSTRUCTION" missed="3" covered="0"/><counter type="LINE" missed="1" covered="0"/><counter type="COMPLEXITY" missed="1" covered="0"/><counter type="METHOD" missed="1" covered="0"/><counter type="CLASS" missed="1" covered="0"/></package><package name="io/oigres/ecomm/service/users/api/model/admin"><class name="io/oigres/ecomm/service/users/api/model/admin/UpdateAdminProfileRequest$UpdateAdminProfileRequestBuilderImpl" sourcefilename="UpdateAdminProfileRequest.java"/><class name="io/oigres/ecomm/service/users/api/model/admin/CreateAdminUserRequest$CreateAdminUserRequestBuilder" sourcefilename="CreateAdminUserRequest.java"/><class name="io/oigres/ecomm/service/users/api/model/admin/CreateAdminUserRequest" sourcefilename="CreateAdminUserRequest.java"/><class name="io/oigres/ecomm/service/users/api/model/admin/CreateAdminUserResponse$CreateAdminUserResponseBuilderImpl" sourcefilename="CreateAdminUserResponse.java"/><class name="io/oigres/ecomm/service/users/api/model/admin/GetAllAdminUsersResponse$GetAllAdminUsersResponseBuilder" sourcefilename="GetAllAdminUsersResponse.java"/><class name="io/oigres/ecomm/service/users/api/model/admin/UpdateAdminProfileResponse$UpdateAdminProfileResponseBuilderImpl" sourcefilename="UpdateAdminProfileResponse.java"/><class name="io/oigres/ecomm/service/users/api/model/admin/DeleteAdminProfileResponse$DeleteAdminProfileResponseBuilderImpl" sourcefilename="DeleteAdminProfileResponse.java"/><class name="io/oigres/ecomm/service/users/api/model/admin/GetAllAdminUsersResponse$GetAllAdminUsersResponseBuilderImpl" sourcefilename="GetAllAdminUsersResponse.java"/><class name="io/oigres/ecomm/service/users/api/model/admin/CreateAdminUserResponse$CreateAdminUserResponseBuilder" sourcefilename="CreateAdminUserResponse.java"/><class name="io/oigres/ecomm/service/users/api/model/admin/DeleteAdminProfileResponse$DeleteAdminProfileResponseBuilder" sourcefilename="DeleteAdminProfileResponse.java"/><class name="io/oigres/ecomm/service/users/api/model/admin/CreateAdminUserRequest$CreateAdminUserRequestBuilderImpl" sourcefilename="CreateAdminUserRequest.java"/><class name="io/oigres/ecomm/service/users/api/model/admin/GetAdminUserResponse$GetAdminUserResponseBuilderImpl" sourcefilename="GetAdminUserResponse.java"/><class name="io/oigres/ecomm/service/users/api/model/admin/GetAdminUserResponse$GetAdminUserResponseBuilder" sourcefilename="GetAdminUserResponse.java"/><class name="io/oigres/ecomm/service/users/api/model/admin/CreateAdminUserResponse" sourcefilename="CreateAdminUserResponse.java"/><class name="io/oigres/ecomm/service/users/api/model/admin/GetAllAdminUsersResponse" sourcefilename="GetAllAdminUsersResponse.java"/><class name="io/oigres/ecomm/service/users/api/model/admin/UpdateAdminProfileRequest" sourcefilename="UpdateAdminProfileRequest.java"/><class name="io/oigres/ecomm/service/users/api/model/admin/UpdateAdminProfileResponse" sourcefilename="UpdateAdminProfileResponse.java"/><class name="io/oigres/ecomm/service/users/api/model/admin/DeleteAdminProfileResponse" sourcefilename="DeleteAdminProfileResponse.java"/><class name="io/oigres/ecomm/service/users/api/model/admin/UpdateAdminProfileResponse$UpdateAdminProfileResponseBuilder" sourcefilename="UpdateAdminProfileResponse.java"/><class name="io/oigres/ecomm/service/users/api/model/admin/GetAdminUserResponse" sourcefilename="GetAdminUserResponse.java"/><class name="io/oigres/ecomm/service/users/api/model/admin/UpdateAdminProfileRequest$UpdateAdminProfileRequestBuilder" sourcefilename="UpdateAdminProfileRequest.java"/><sourcefile name="GetAllAdminUsersResponse.java"/><sourcefile name="DeleteAdminProfileResponse.java"/><sourcefile name="UpdateAdminProfileRequest.java"/><sourcefile name="UpdateAdminProfileResponse.java"/><sourcefile name="CreateAdminUserRequest.java"/><sourcefile name="CreateAdminUserResponse.java"/><sourcefile name="GetAdminUserResponse.java"/></package><package name="io/oigres/ecomm/service/users/api/model/region"><class name="io/oigres/ecomm/service/users/api/model/region/StateResponse" sourcefilename="StateResponse.java"/><class name="io/oigres/ecomm/service/users/api/model/region/StateResponse$StateResponseBuilder" sourcefilename="StateResponse.java"/><class name="io/oigres/ecomm/service/users/api/model/region/ZipCodeResponse" sourcefilename="ZipCodeResponse.java"/><class name="io/oigres/ecomm/service/users/api/model/region/ZipCodeResponse$ZipCodeResponseBuilder" sourcefilename="ZipCodeResponse.java"/><sourcefile name="StateResponse.java"/><sourcefile name="ZipCodeResponse.java"/></package><package name="io/oigres/ecomm/service/users/api/model/exception/profile"><class name="io/oigres/ecomm/service/users/api/model/exception/profile/ProfileEnableStatusExceptionResponseApi" sourcefilename="ProfileEnableStatusExceptionResponseApi.java"><method name="&lt;init&gt;" desc="()V" line="21"><counter type="INSTRUCTION" missed="3" covered="0"/><counter type="LINE" missed="1" covered="0"/><counter type="COMPLEXITY" missed="1" covered="0"/><counter type="METHOD" missed="1" covered="0"/></method><method name="&lt;init&gt;" desc="(Ljava/lang/String;)V" line="24"><counter type="INSTRUCTION" missed="4" covered="0"/><counter type="LINE" missed="2" covered="0"/><counter type="COMPLEXITY" missed="1" covered="0"/><counter type="METHOD" missed="1" covered="0"/></method><counter type="INSTRUCTION" missed="7" covered="0"/><counter type="LINE" missed="3" covered="0"/><counter type="COMPLEXITY" missed="2" covered="0"/><counter type="METHOD" missed="2" covered="0"/><counter type="CLASS" missed="1" covered="0"/></class><class name="io/oigres/ecomm/service/users/api/model/exception/profile/ProfileNotFoundException" sourcefilename="ProfileNotFoundException.java"><method name="&lt;init&gt;" desc="()V" line="23"><counter type="INSTRUCTION" missed="3" covered="0"/><counter type="LINE" missed="1" covered="0"/><counter type="COMPLEXITY" missed="1" covered="0"/><counter type="METHOD" missed="1" covered="0"/></method><method name="&lt;init&gt;" desc="(Ljava/lang/String;)V" line="26"><counter type="INSTRUCTION" missed="4" covered="0"/><counter type="LINE" missed="2" covered="0"/><counter type="COMPLEXITY" missed="1" covered="0"/><counter type="METHOD" missed="1" covered="0"/></method><counter type="INSTRUCTION" missed="7" covered="0"/><counter type="LINE" missed="3" covered="0"/><counter type="COMPLEXITY" missed="2" covered="0"/><counter type="METHOD" missed="2" covered="0"/><counter type="CLASS" missed="1" covered="0"/></class><class name="io/oigres/ecomm/service/users/api/model/exception/profile/ProfileTypeNotFoundExceptionResponseApi" sourcefilename="ProfileTypeNotFoundExceptionResponseApi.java"><method name="&lt;init&gt;" desc="()V" line="23"><counter type="INSTRUCTION" missed="3" covered="0"/><counter type="LINE" missed="1" covered="0"/><counter type="COMPLEXITY" missed="1" covered="0"/><counter type="METHOD" missed="1" covered="0"/></method><method name="&lt;init&gt;" desc="(Ljava/lang/String;)V" line="26"><counter type="INSTRUCTION" missed="4" covered="0"/><counter type="LINE" missed="2" covered="0"/><counter type="COMPLEXITY" missed="1" covered="0"/><counter type="METHOD" missed="1" covered="0"/></method><counter type="INSTRUCTION" missed="7" covered="0"/><counter type="LINE" missed="3" covered="0"/><counter type="COMPLEXITY" missed="2" covered="0"/><counter type="METHOD" missed="2" covered="0"/><counter type="CLASS" missed="1" covered="0"/></class><class name="io/oigres/ecomm/service/users/api/model/exception/profile/ProfileException" sourcefilename="ProfileException.java"><method name="&lt;init&gt;" desc="()V" line="24"><counter type="INSTRUCTION" missed="3" covered="0"/><counter type="LINE" missed="1" covered="0"/><counter type="COMPLEXITY" missed="1" covered="0"/><counter type="METHOD" missed="1" covered="0"/></method><method name="&lt;init&gt;" desc="(Ljava/lang/String;)V" line="27"><counter type="INSTRUCTION" missed="4" covered="0"/><counter type="LINE" missed="2" covered="0"/><counter type="COMPLEXITY" missed="1" covered="0"/><counter type="METHOD" missed="1" covered="0"/></method><counter type="INSTRUCTION" missed="7" covered="0"/><counter type="LINE" missed="3" covered="0"/><counter type="COMPLEXITY" missed="2" covered="0"/><counter type="METHOD" missed="2" covered="0"/><counter type="CLASS" missed="1" covered="0"/></class><class name="io/oigres/ecomm/service/users/api/model/exception/profile/ProfileExistingException" sourcefilename="ProfileExistingException.java"><method name="&lt;init&gt;" desc="()V" line="21"><counter type="INSTRUCTION" missed="3" covered="0"/><counter type="LINE" missed="1" covered="0"/><counter type="COMPLEXITY" missed="1" covered="0"/><counter type="METHOD" missed="1" covered="0"/></method><method name="&lt;init&gt;" desc="(Ljava/lang/String;)V" line="24"><counter type="INSTRUCTION" missed="4" covered="0"/><counter type="LINE" missed="2" covered="0"/><counter type="COMPLEXITY" missed="1" covered="0"/><counter type="METHOD" missed="1" covered="0"/></method><counter type="INSTRUCTION" missed="7" covered="0"/><counter type="LINE" missed="3" covered="0"/><counter type="COMPLEXITY" missed="2" covered="0"/><counter type="METHOD" missed="2" covered="0"/><counter type="CLASS" missed="1" covered="0"/></class><class name="io/oigres/ecomm/service/users/api/model/exception/profile/ProfileDeletedException" sourcefilename="ProfileDeletedException.java"><method name="&lt;init&gt;" desc="()V" line="21"><counter type="INSTRUCTION" missed="3" covered="0"/><counter type="LINE" missed="1" covered="0"/><counter type="COMPLEXITY" missed="1" covered="0"/><counter type="METHOD" missed="1" covered="0"/></method><method name="&lt;init&gt;" desc="(Ljava/lang/String;)V" line="24"><counter type="INSTRUCTION" missed="4" covered="0"/><counter type="LINE" missed="2" covered="0"/><counter type="COMPLEXITY" missed="1" covere
[...]
ProfileRequestBuilderImpl" sourcefilename="UpdateDispensaryProfileRequest.java"/><class name="io/oigres/ecomm/service/users/api/model/dispensary/CreateDispensaryUserResponse$CreateDispensaryUserResponseBuilder" sourcefilename="CreateDispensaryUserResponse.java"/><class name="io/oigres/ecomm/service/users/api/model/dispensary/GetAllDispensaryUsersResponse$GetAllDispensaryUsersResponseBuilder" sourcefilename="GetAllDispensaryUsersResponse.java"/><class name="io/oigres/ecomm/service/users/api/model/dispensary/DeleteDispensaryProfileResponse$DeleteDispensaryProfileResponseBuilderImpl" sourcefilename="DeleteDispensaryProfileResponse.java"/><class name="io/oigres/ecomm/service/users/api/model/dispensary/GetDispensaryUserResponse$GetDispensaryUserResponseBuilder" sourcefilename="GetDispensaryUserResponse.java"/><class name="io/oigres/ecomm/service/users/api/model/dispensary/GetDispensaryUserResponse" sourcefilename="GetDispensaryUserResponse.java"/><class name="io/oigres/ecomm/service/users/api/model/dispensary/GetAllDispensaryUsersResponse" sourcefilename="GetAllDispensaryUsersResponse.java"/><class name="io/oigres/ecomm/service/users/api/model/dispensary/CreateDispensaryUserResponse" sourcefilename="CreateDispensaryUserResponse.java"/><class name="io/oigres/ecomm/service/users/api/model/dispensary/UpdateDispensaryProfileResponse$UpdateDispensaryProfileResponseBuilder" sourcefilename="UpdateDispensaryProfileResponse.java"/><class name="io/oigres/ecomm/service/users/api/model/dispensary/CreateDispensaryUserRequest$CreateDispensaryUserRequestBuilderImpl" sourcefilename="CreateDispensaryUserRequest.java"/><class name="io/oigres/ecomm/service/users/api/model/dispensary/CreateDispensaryUserRequest" sourcefilename="CreateDispensaryUserRequest.java"/><class name="io/oigres/ecomm/service/users/api/model/dispensary/DeleteDispensaryProfileResponse" sourcefilename="DeleteDispensaryProfileResponse.java"/><class name="io/oigres/ecomm/service/users/api/model/dispensary/CreateDispensaryUserRequest$CreateDispensaryUserRequestBuilder" sourcefilename="CreateDispensaryUserRequest.java"/><class name="io/oigres/ecomm/service/users/api/model/dispensary/CreateDispensaryUserResponse$CreateDispensaryUserResponseBuilderImpl" sourcefilename="CreateDispensaryUserResponse.java"/><class name="io/oigres/ecomm/service/users/api/model/dispensary/GetDispensaryUserResponse$GetDispensaryUserResponseBuilderImpl" sourcefilename="GetDispensaryUserResponse.java"/><class name="io/oigres/ecomm/service/users/api/model/dispensary/UpdateDispensaryProfileRequest" sourcefilename="UpdateDispensaryProfileRequest.java"/><class name="io/oigres/ecomm/service/users/api/model/dispensary/UpdateDispensaryProfileResponse$UpdateDispensaryProfileResponseBuilderImpl" sourcefilename="UpdateDispensaryProfileResponse.java"/><class name="io/oigres/ecomm/service/users/api/model/dispensary/GetAllDispensaryUsersResponse$GetAllDispensaryUsersResponseBuilderImpl" sourcefilename="GetAllDispensaryUsersResponse.java"/><class name="io/oigres/ecomm/service/users/api/model/dispensary/DeleteDispensaryProfileResponse$DeleteDispensaryProfileResponseBuilder" sourcefilename="DeleteDispensaryProfileResponse.java"/><class name="io/oigres/ecomm/service/users/api/model/dispensary/UpdateDispensaryProfileResponse" sourcefilename="UpdateDispensaryProfileResponse.java"/><sourcefile name="DeleteDispensaryProfileResponse.java"/><sourcefile name="UpdateDispensaryProfileResponse.java"/><sourcefile name="UpdateDispensaryProfileRequest.java"/><sourcefile name="GetDispensaryUserResponse.java"/><sourcefile name="CreateDispensaryUserRequest.java"/><sourcefile name="CreateDispensaryUserResponse.java"/><sourcefile name="GetAllDispensaryUsersResponse.java"/></package><package name="io/oigres/ecomm/service/users/api/model/consumer"><class name="io/oigres/ecomm/service/users/api/model/consumer/GetConsumerStateTax$GetConsumerStateTaxBuilder" sourcefilename="GetConsumerStateTax.java"/><class name="io/oigres/ecomm/service/users/api/model/consumer/GetConsumerUserResponse$GetConsumerUserResponseBuilder" sourcefilename="GetConsumerUserResponse.java"/><class name="io/oigres/ecomm/service/users/api/model/consumer/CreateConsumerUserResponse" sourcefilename="CreateConsumerUserResponse.java"/><class name="io/oigres/ecomm/service/users/api/model/consumer/CreateConsumerUserResponse$CreateConsumerUserResponseBuilder" sourcefilename="CreateConsumerUserResponse.java"/><class name="io/oigres/ecomm/service/users/api/model/consumer/GetAllConsumerUsersResponse$GetAllConsumerUsersResponseBuilderImpl" sourcefilename="GetAllConsumerUsersResponse.java"/><class name="io/oigres/ecomm/service/users/api/model/consumer/GetConsumerStateTax" sourcefilename="GetConsumerStateTax.java"/><class name="io/oigres/ecomm/service/users/api/model/consumer/GetConsumerUserResponse$GetConsumerUserResponseBuilderImpl" sourcefilename="GetConsumerUserResponse.java"/><class name="io/oigres/ecomm/service/users/api/model/consumer/CreateConsumerUserRequest" sourcefilename="CreateConsumerUserRequest.java"/><class name="io/oigres/ecomm/service/users/api/model/consumer/DeleteConsumerProfileResponse$DeleteConsumerProfileResponseBuilderImpl" sourcefilename="DeleteConsumerProfileResponse.java"/><class name="io/oigres/ecomm/service/users/api/model/consumer/CreateConsumerUserRequest$CreateConsumerUserRequestBuilder" sourcefilename="CreateConsumerUserRequest.java"/><class name="io/oigres/ecomm/service/users/api/model/consumer/UpdateConsumerProfileResponse$UpdateConsumerProfileResponseBuilder" sourcefilename="UpdateConsumerProfileResponse.java"/><class name="io/oigres/ecomm/service/users/api/model/consumer/CreateConsumerUserRequest$CreateConsumerUserRequestBuilderImpl" sourcefilename="CreateConsumerUserRequest.java"/><class name="io/oigres/ecomm/service/users/api/model/consumer/DeleteConsumerProfileResponse$DeleteConsumerProfileResponseBuilder" sourcefilename="DeleteConsumerProfileResponse.java"/><class name="io/oigres/ecomm/service/users/api/model/consumer/UpdateConsumerProfileRequest$UpdateConsumerProfileRequestBuilder" sourcefilename="UpdateConsumerProfileRequest.java"/><class name="io/oigres/ecomm/service/users/api/model/consumer/GetAllConsumerUsersResponse$GetAllConsumerUsersResponseBuilder" sourcefilename="GetAllConsumerUsersResponse.java"/><class name="io/oigres/ecomm/service/users/api/model/consumer/UpdateConsumerProfileRequest$UpdateConsumerProfileRequestBuilderImpl" sourcefilename="UpdateConsumerProfileRequest.java"/><class name="io/oigres/ecomm/service/users/api/model/consumer/UpdateConsumerProfileRequest" sourcefilename="UpdateConsumerProfileRequest.java"/><class name="io/oigres/ecomm/service/users/api/model/consumer/DeleteConsumerProfileResponse" sourcefilename="DeleteConsumerProfileResponse.java"/><class name="io/oigres/ecomm/service/users/api/model/consumer/GetConsumerUserResponse" sourcefilename="GetConsumerUserResponse.java"/><class name="io/oigres/ecomm/service/users/api/model/consumer/GetAllConsumerUsersResponse" sourcefilename="GetAllConsumerUsersResponse.java"/><class name="io/oigres/ecomm/service/users/api/model/consumer/UpdateConsumerProfileResponse$UpdateConsumerProfileResponseBuilderImpl" sourcefilename="UpdateConsumerProfileResponse.java"/><class name="io/oigres/ecomm/service/users/api/model/consumer/UpdateConsumerProfileResponse" sourcefilename="UpdateConsumerProfileResponse.java"/><class name="io/oigres/ecomm/service/users/api/model/consumer/CreateConsumerUserResponse$CreateConsumerUserResponseBuilderImpl" sourcefilename="CreateConsumerUserResponse.java"/><sourcefile name="GetAllConsumerUsersResponse.java"/><sourcefile name="UpdateConsumerProfileResponse.java"/><sourcefile name="DeleteConsumerProfileResponse.java"/><sourcefile name="GetConsumerStateTax.java"/><sourcefile name="UpdateConsumerProfileRequest.java"/><sourcefile name="CreateConsumerUserResponse.java"/><sourcefile name="GetConsumerUserResponse.java"/><sourcefile name="CreateConsumerUserRequest.java"/></package><package name="io/oigres/ecomm/service/users/api/txoutbox"><class name="io/oigres/ecomm/service/users/api/txoutbox/UserOutbox" sourcefilename="UserOutbox.java"/><class name="io/oigres/ecomm/service/users/api/txoutbox/UserOutbox$UserOutboxBuilder" sourcefilename="UserOutbox.java"/><sourcefile name="UserOutbox.java"/></package><package name="io/oigres/ecomm/service/users/api"><class name="io/oigres/ecomm/service/users/api/IRegionService" sourcefilename="IRegionService.java"/><class name="io/oigres/ecomm/service/users/api/UsersService" sourcefilename="UsersService.java"/><sourcefile name="IRegionService.java"/><sourcefile name="UsersService.java"/></package><package name="io/oigres/ecomm/service/users/api/model/exception"><class name="io/oigres/ecomm/service/users/api/model/exception/InvalidRequestException" sourcefilename="InvalidRequestException.java"><method name="&lt;init&gt;" desc="()V" line="23"><counter type="INSTRUCTION" missed="3" covered="0"/><counter type="LINE" missed="1" covered="0"/><counter type="COMPLEXITY" missed="1" covered="0"/><counter type="METHOD" missed="1" covered="0"/></method><method name="&lt;init&gt;" desc="(Ljava/lang/String;)V" line="26"><counter type="INSTRUCTION" missed="4" covered="0"/><counter type="LINE" missed="2" covered="0"/><counter type="COMPLEXITY" missed="1" covered="0"/><counter type="METHOD" missed="1" covered="0"/></method><counter type="INSTRUCTION" missed="7" covered="0"/><counter type="LINE" missed="3" covered="0"/><counter type="COMPLEXITY" missed="2" covered="0"/><counter type="METHOD" missed="2" covered="0"/><counter type="CLASS" missed="1" covered="0"/></class><class name="io/oigres/ecomm/service/users/api/model/exception/GenericExceptionTracker" sourcefilename="GenericExceptionTracker.java"><method name="&lt;init&gt;" desc="(Ljava/lang/String;Ljava/lang/String;Ljava/lang/String;Ljava/lang/String;Ljava/lang/String;)V" line="33"><counter type="INSTRUCTION" missed="18" covered="0"/><counter type="LINE" missed="7" covered="0"/><counter type="COMPLEXITY" missed="1" covered="0"/><counter type="METHOD" missed="1" covered="0"/></method><counter type="INSTRUCTION" missed="18" covered="0"/><counter type="LINE" missed="7" covered="0"/><counter type="COMPLEXITY" missed="1" covered="0"/><counter type="METHOD" missed="1" covered="0"/><counter type="CLASS" missed="1" covered="0"/></class><class name="io/oigres/ecomm/service/users/api/model/exception/NotFoundException" sourcefilename="NotFoundException.java"><method name="&lt;init&gt;" desc="()V" line="23"><counter type="INSTRUCTION" missed="3" covered="0"/><counter type="LINE" missed="1" covered="0"/><counter type="COMPLEXITY" missed="1" covered="0"/><counter type="METHOD" missed="1" covered="0"/></method><method name="&lt;init&gt;" desc="(Ljava/lang/String;)V" line="26"><counter type="INSTRUCTION" missed="4" covered="0"/><counter type="LINE" missed="2" covered="0"/><counter type="COMPLEXITY" missed="1" covered="0"/><counter type="METHOD" missed="1" covered="0"/></method><counter type="INSTRUCTION" missed="7" covered="0"/><counter type="LINE" missed="3" covered="0"/><counter type="COMPLEXITY" missed="2" covered="0"/><counter type="METHOD" missed="2" covered="0"/><counter type="CLASS" missed="1" covered="0"/></class><class name="io/oigres/ecomm/service/users/api/model/exception/GenderNotFoundException" sourcefilename="GenderNotFoundException.java"><method name="&lt;init&gt;" desc="()V" line="21"><counter type="INSTRUCTION" missed="3" covered="0"/><counter type="LINE" missed="1" covered="0"/><counter type="COMPLEXITY" missed="1" covered="0"/><counter type="METHOD" missed="1" covered="0"/></method><method name="&lt;init&gt;" desc="(Ljava/lang/String;)V" line="24"><counter type="INSTRUCTION" missed="4" covered="0"/><counter type="LINE" missed="2" covered="0"/><counter type="COMPLEXITY" missed="1" covered="0"/><counter type="METHOD" missed="1" covered="0"/></method><counter type="INSTRUCTION" missed="7" covered="0"/><counter type="LINE" missed="3" covered="0"/><counter type="COMPLEXITY" missed="2" covered="0"/><counter type="METHOD" missed="2" covered="0"/><counter type="CLASS" missed="1" covered="0"/></class><class name="io/oigres/ecomm/service/users/api/model/exception/UserTypeNotFoundException" sourcefilename="UserTypeNotFoundException.java"><method name="&lt;init&gt;" desc="()V" line="22"><counter type="INSTRUCTION" missed="4" covered="0"/><counter type="LINE" missed="2" covered="0"/><counter type="COMPLEXITY" missed="1" covered="0"/><counter type="METHOD" missed="1" covered="0"/></method><method name="&lt;init&gt;" desc="(Ljava/lang/String;)V" line="26"><counter type="INSTRUCTION" missed="4" covered="0"/><counter type="LINE" missed="2" covered="0"/><counter type="COMPLEXITY" missed="1" covered="0"/><counter type="METHOD" missed="1" covered="0"/></method><counter type="INSTRUCTION" missed="8" covered="0"/><counter type="LINE" missed="4" covered="0"/><counter type="COMPLEXITY" missed="2" covered="0"/><counter type="METHOD" missed="2" covered="0"/><counter type="CLASS" missed="1" covered="0"/></class><class name="io/oigres/ecomm/service/users/api/model/exception/StateNotFoundException" sourcefilename="StateNotFoundException.java"><method name="&lt;init&gt;" desc="()V" line="21"><counter type="INSTRUCTION" missed="3" covered="0"/><counter type="LINE" missed="1" covered="0"/><counter type="COMPLEXITY" missed="1" covered="0"/><counter type="METHOD" missed="1" covered="0"/></method><method name="&lt;init&gt;" desc="(Ljava/lang/String;)V" line="24"><counter type="INSTRUCTION" missed="4" covered="0"/><counter type="LINE" missed="2" covered="0"/><counter type="COMPLEXITY" missed="1" covered="0"/><counter type="METHOD" missed="1" covered="0"/></method><counter type="INSTRUCTION" missed="7" covered="0"/><counter type="LINE" missed="3" covered="0"/><counter type="COMPLEXITY" missed="2" covered="0"/><counter type="METHOD" missed="2" covered="0"/><counter type="CLASS" missed="1" covered="0"/></class><class name="io/oigres/ecomm/service/users/api/model/exception/ZipcodeNotFoundException" sourcefilename="ZipcodeNotFoundException.java"><method name="&lt;init&gt;" desc="()V" line="21"><counter type="INSTRUCTION" missed="3" covered="0"/><counter type="LINE" missed="1" covered="0"/><counter type="COMPLEXITY" missed="1" covered="0"/><counter type="METHOD" missed="1" covered="0"/></method><method name="&lt;init&gt;" desc="(Ljava/lang/String;)V" line="24"><counter type="INSTRUCTION" missed="4" covered="0"/><counter type="LINE" missed="2" covered="0"/><counter type="COMPLEXITY" missed="1" covered="0"/><counter type="METHOD" missed="1" covered="0"/></method><counter type="INSTRUCTION" missed="7" covered="0"/><counter type="LINE" missed="3" covered="0"/><counter type="COMPLEXITY" missed="2" covered="0"/><counter type="METHOD" missed="2" covered="0"/><counter type="CLASS" missed="1" covered="0"/></class><class name="io/oigres/ecomm/service/users/api/model/exception/UnauthorizedException" sourcefilename="UnauthorizedException.java"><method name="&lt;init&gt;" desc="()V" line="23"><counter type="INSTRUCTION" missed="3" covered="0"/><counter type="LINE" missed="1" covered="0"/><counter type="COMPLEXITY" missed="1" covered="0"/><counter type="METHOD" missed="1" covered="0"/></method><method name="&lt;init&gt;" desc="(Ljava/lang/String;)V" line="26"><counter type="INSTRUCTION" missed="4" covered="0"/><counter type="LINE" missed="2" covered="0"/><counter type="COMPLEXITY" missed="1" covered="0"/><counter type="METHOD" missed="1" covered="0"/></method><counter type="INSTRUCTION" missed="7" covered="0"/><counter type="LINE" missed="3" covered="0"/><counter type="COMPLEXITY" missed="2" covered="0"/><counter type="METHOD" missed="2" covered="0"/><counter type="CLASS" missed="1" covered="0"/></class><sourcefile name="UserTypeNotFoundException.java"><line nr="22" mi="3" ci="0" mb="0" cb="0"/><line nr="23" mi="1" ci="0" mb="0" cb="0"/><line nr="26" mi="3" ci="0" mb="0" cb="0"/><line nr="27" mi="1" ci="0" mb="0" cb="0"/><counter type="INSTRUCTION" missed="8" covered="0"/><counter type="LINE" missed="4" covered="0"/><counter type="COMPLEXITY" missed="2" covered="0"/><counter type="METHOD" missed="2" covered="0"/><counter type="CLASS" missed="1" covered="0"/></sourcefile><sourcefile name="UnauthorizedException.java"><line nr="23" mi="3" ci="0" mb="0" cb="0"/><line nr="26" mi="3" ci="0" mb="0" cb="0"/><line nr="27" mi="1" ci="0" mb="0" cb="0"/><counter type="INSTRUCTION" missed="7" covered="0"/><counter type="LINE" missed="3" covered="0"/><counter type="COMPLEXITY" missed="2" covered="0"/><counter type="METHOD" missed="2" covered="0"/><counter type="CLASS" missed="1" covered="0"/></sourcefile><sourcefile name="NotFoundException.java"><line nr="23" mi="3" ci="0" mb="0" cb="0"/><line nr="26" mi="3" ci="0" mb="0" cb="0"/><line nr="27" mi="1" ci="0" mb="0" cb="0"/><counter type="INSTRUCTION" missed="7" covered="0"/><counter type="LINE" missed="3" covered="0"/><counter type="COMPLEXITY" missed="2" covered="0"/><counter type="METHOD" missed="2" covered="0"/><counter type="CLASS" missed="1" covered="0"/></sourcefile><sourcefile name="ZipcodeNotFoundException.java"><line nr="21" mi="3" ci="0" mb="0" cb="0"/><line nr="24" mi="3" ci="0" mb="0" cb="0"/><line nr="25" mi="1" ci="0" mb="0" cb="0"/><counter type="INSTRUCTION" missed="7" covered="0"/><counter type="LINE" missed="3" covered="0"/><counter type="COMPLEXITY" missed="2" covered="0"/><counter type="METHOD" missed="2" covered="0"/><counter type="CLASS" missed="1" covered="0"/></sourcefile><sourcefile name="GenericExceptionTracker.java"><line nr="33" mi="2" ci="0" mb="0" cb="0"/><line nr="34" mi="3" ci="0" mb="0" cb="0"/><line nr="35" mi="3" ci="0" mb="0" cb="0"/><line nr="36" mi="3" ci="0" mb="0" cb="0"/><line nr="37" mi="3" ci="0" mb="0" cb="0"/><line nr="38" mi="3" ci="0" mb="0" cb="0"/><line nr="39" mi="1" ci="0" mb="0" cb="0"/><counter type="INSTRUCTION" missed="18" covered="0"/><counter type="LINE" missed="7" covered="0"/><counter type="COMPLEXITY" missed="1" covered="0"/><counter type="METHOD" missed="1" covered="0"/><counter type="CLASS" missed="1" covered="0"/></sourcefile><sourcefile name="StateNotFoundException.java"><line nr="21" mi="3" ci="0" mb="0" cb="0"/><line nr="24" mi="3" ci="0" mb="0" cb="0"/><line nr="25" mi="1" ci="0" mb="0" cb="0"/><counter type="INSTRUCTION" missed="7" covered="0"/><counter type="LINE" missed="3" covered="0"/><counter type="COMPLEXITY" missed="2" covered="0"/><counter type="METHOD" missed="2" covered="0"/><counter type="CLASS" missed="1" covered="0"/></sourcefile><sourcefile name="InvalidRequestException.java"><line nr="23" mi="3" ci="0" mb="0" cb="0"/><line nr="26" mi="3" ci="0" mb="0" cb="0"/><line nr="27" mi="1" ci="0" mb="0" cb="0"/><counter type="INSTRUCTION" missed="7" covered="0"/><counter type="LINE" missed="3" covered="0"/><counter type="COMPLEXITY" missed="2" covered="0"/><counter type="METHOD" missed="2" covered="0"/><counter type="CLASS" missed="1" covered="0"/></sourcefile><sourcefile name="GenderNotFoundException.java"><line nr="21" mi="3" ci="0" mb="0" cb="0"/><line nr="24" mi="3" ci="0" mb="0" cb="0"/><line nr="25" mi="1" ci="0" mb="0" cb="0"/><counter type="INSTRUCTION" missed="7" covered="0"/><counter type="LINE" missed="3" covered="0"/><counter type="COMPLEXITY" missed="2" covered="0"/><counter type="METHOD" missed="2" covered="0"/><counter type="CLASS" missed="1" covered="0"/></sourcefile><counter type="INSTRUCTION" missed="68" covered="0"/><counter type="LINE" missed="29" covered="0"/><counter type="COMPLEXITY" missed="15" covered="0"/><counter type="METHOD" missed="15" covered="0"/><counter type="CLASS" missed="8" covered="0"/></package><counter type="INSTRUCTION" missed="1428" covered="0"/><counter type="BRANCH" missed="126" covered="0"/><counter type="LINE" missed="316" covered="0"/><counter type="COMPLEXITY" missed="228" covered="0"/><counter type="METHOD" missed="165" covered="0"/><counter type="CLASS" missed="34" covered="0"/></report>