GROUP,PACKAGE,CLASS,INSTRUCTION_MISSED,INSTRUCTION_COVERED,BRANCH_MISSED,BRANCH_COVERED,LINE_MISSED,LINE_COVERED,COMPLEXITY_MISSED,COMPLEXITY_COVERED,METHOD_MISSED,METHOD_COVERED
Aggregated Reports/users-service-api,io.oigres.ecomm.service.users.api.model,SortRequest.Direction,34,15,0,0,9,3,4,1,4,1
Aggregated Reports/users-service-api,io.oigres.ecomm.service.users.api.model,SortRequest.Order,261,0,24,0,50,0,36,0,24,0
Aggregated Reports/users-service-api,io.oigres.ecomm.service.users.api.model,JacksonPageImpl,6,0,0,0,2,0,1,0,1,0
Aggregated Reports/users-service-api,io.oigres.ecomm.service.users.api.model,SortRequest.NullHandling,21,0,0,0,4,0,1,0,1,0
Aggregated Reports/users-service-api,io.oigres.ecomm.service.users.api.model,PageResponse,10,0,0,0,2,0,2,0,2,0
Aggregated Reports/users-service-api,io.oigres.ecomm.service.users.api.model,ChunkResponse,93,60,20,4,16,13,18,9,6,9
Aggregated Reports/users-service-api,io.oigres.ecomm.service.users.api.model,UnpagedRequest,41,0,2,0,14,0,12,0,11,0
Aggregated Reports/users-service-api,io.oigres.ecomm.service.users.api.model,JacksonPageableRequestImpl,6,0,0,0,2,0,1,0,1,0
Aggregated Reports/users-service-api,io.oigres.ecomm.service.users.api.model,AbstractPageableRequest,77,28,16,2,15,9,13,4,4,4
Aggregated Reports/users-service-api,io.oigres.ecomm.service.users.api.model,SortRequest,118,40,12,2,25,11,18,8,11,8
Aggregated Reports/users-service-api,io.oigres.ecomm.service.users.api.model,PageableRequest,19,13,4,2,3,3,6,3,3,3
Aggregated Reports/users-service-api,io.oigres.ecomm.service.users.api.model,SliceResponse,26,0,4,0,3,0,5,0,3,0
Aggregated Reports/users-service-api,io.oigres.ecomm.service.users.api.model,ValidateProfileResponse,12,0,0,0,5,0,1,0,1,0
Aggregated Reports/users-service-api,io.oigres.ecomm.service.users.api.model,BusinessApiException,23,0,0,0,9,0,5,0,5,0
Aggregated Reports/users-service-api,io.oigres.ecomm.service.users.api.model,PageResponseImpl,112,80,19,5,18,12,16,8,4,8
Aggregated Reports/users-service-api,io.oigres.ecomm.service.users.api.model,PageableRequestImpl,136,23,10,0,20,6,16,4,11,4
Aggregated Reports/users-service-api,io.oigres.ecomm.service.users,Routes,3,0,0,0,1,0,1,0,1,0
Aggregated Reports/users-service-api,io.oigres.ecomm.service.users.api.model.exception.profile,ProfileEnableStatusExceptionResponseApi,7,0,0,0,3,0,2,0,2,0
Aggregated Reports/users-service-api,io.oigres.ecomm.service.users.api.model.exception.profile,ProfileNotFoundException,7,0,0,0,3,0,2,0,2,0
Aggregated Reports/users-service-api,io.oigres.ecomm.service.users.api.model.exception.profile,ProfileTypeNotFoundExceptionResponseApi,7,0,0,0,3,0,2,0,2,0
Aggregated Reports/users-service-api,io.oigres.ecomm.service.users.api.model.exception.profile,ProfileException,7,0,0,0,3,0,2,0,2,0
Aggregated Reports/users-service-api,io.oigres.ecomm.service.users.api.model.exception.profile,ProfileExistingException,7,0,0,0,3,0,2,0,2,0
Aggregated Reports/users-service-api,io.oigres.ecomm.service.users.api.model.exception.profile,ProfileDeletedException,7,0,0,0,3,0,2,0,2,0
Aggregated Reports/users-service-api,io.oigres.ecomm.service.users.api.model.exception.profile,ProfileTypeNotFoundException,7,0,0,0,3,0,2,0,2,0
Aggregated Reports/users-service-api,io.oigres.ecomm.service.users.api.model.exception.profile,ProfileBadRequestExceptionResponseApi,7,0,0,0,3,0,2,0,2,0
Aggregated Reports/users-service-api,io.oigres.ecomm.service.users.api.model.enums,ConsumerTypeApiEnum,0,47,0,0,0,8,0,4,0,4
Aggregated Reports/users-service-api,io.oigres.ecomm.service.users.api.model.exception,InvalidRequestException,7,0,0,0,3,0,2,0,2,0
Aggregated Reports/users-service-api,io.oigres.ecomm.service.users.api.model.exception,GenericExceptionTracker,18,0,0,0,7,0,1,0,1,0
Aggregated Reports/users-service-api,io.oigres.ecomm.service.users.api.model.exception,NotFoundException,7,0,0,0,3,0,2,0,2,0
Aggregated Reports/users-service-api,io.oigres.ecomm.service.users.api.model.exception,GenderNotFoundException,7,0,0,0,3,0,2,0,2,0
Aggregated Reports/users-service-api,io.oigres.ecomm.service.users.api.model.exception,UserTypeNotFoundException,8,0,0,0,4,0,2,0,2,0
Aggregated Reports/users-service-api,io.oigres.ecomm.service.users.api.model.exception,StateNotFoundException,7,0,0,0,3,0,2,0,2,0
Aggregated Reports/users-service-api,io.oigres.ecomm.service.users.api.model.exception,ZipcodeNotFoundException,7,0,0,0,3,0,2,0,2,0
Aggregated Reports/users-service-api,io.oigres.ecomm.service.users.api.model.exception,UnauthorizedException,7,0,0,0,3,0,2,0,2,0
Aggregated Reports/users-service-domain,io.oigres.ecomm.service.users.domain,CardImage_,3,0,0,0,1,0,1,0,1,0
Aggregated Reports/users-service-domain,io.oigres.ecomm.service.users.domain,FavouriteBrand_,3,0,0,0,1,0,1,0,1,0
Aggregated Reports/users-service-domain,io.oigres.ecomm.service.users.domain,Country_,3,0,0,0,1,0,1,0,1,0
Aggregated Reports/users-service-domain,io.oigres.ecomm.service.users.domain,Profile,0,18,0,0,0,4,0,3,0,3
Aggregated Reports/users-service-domain,io.oigres.ecomm.service.users.domain,Card_,3,0,0,0,1,0,1,0,1,0
Aggregated Reports/users-service-domain,io.oigres.ecomm.service.users.domain,TransactionalOutbox_,3,0,0,0,1,0,1,0,1,0
Aggregated Reports/users-service-domain,io.oigres.ecomm.service.users.domain,Profile_,3,0,0,0,1,0,1,0,1,0
Aggregated Reports/users-service-domain,io.oigres.ecomm.service.users.domain,ProfileType_,3,0,0,0,1,0,1,0,1,0
Aggregated Reports/users-service-domain,io.oigres.ecomm.service.users.domain,Gender_,3,0,0,0,1,0,1,0,1,0
Aggregated Reports/users-service-domain,io.oigres.ecomm.service.users.domain,ZipCode_,3,0,0,0,1,0,1,0,1,0
Aggregated Reports/users-service-domain,io.oigres.ecomm.service.users.domain,FavouriteProduct_,3,0,0,0,1,0,1,0,1,0
Aggregated Reports/users-service-domain,io.oigres.ecomm.service.users.domain,Config_,3,0,0,0,1,0,1,0,1,0
Aggregated Reports/users-service-domain,io.oigres.ecomm.service.users.domain,ProfileImage_,3,0,0,0,1,0,1,0,1,0
Aggregated Reports/users-service-domain,io.oigres.ecomm.service.users.domain,ProfileName,27,0,0,0,5,0,1,0,1,0
Aggregated Reports/users-service-domain,io.oigres.ecomm.service.users.domain,AbstractHistoryEntity_,3,0,0,0,1,0,1,0,1,0
Aggregated Reports/users-service-domain,io.oigres.ecomm.service.users.domain,User_,3,0,0,0,1,0,1,0,1,0
Aggregated Reports/users-service-domain,io.oigres.ecomm.service.users.domain,DomainEntity,0,3,0,0,0,1,0,1,0,1
Aggregated Reports/users-service-domain,io.oigres.ecomm.service.users.domain,ProfileImage,5,0,0,0,1,0,1,0,1,0
Aggregated Reports/users-service-domain,io.oigres.ecomm.service.users.domain,Aggregate,0,9,0,0,0,2,0,1,0,1
Aggregated Reports/users-service-domain,io.oigres.ecomm.service.users.domain,Auditable,0,11,0,2,0,3,0,3,0,2
Aggregated Reports/users-service-domain,io.oigres.ecomm.service.users.domain,State_,3,0,0,0,1,0,1,0,1,0
Aggregated Reports/users-service-domain,io.oigres.ecomm.service.users.exception.profile,UserTypeNotFoundException,4,0,0,0,2,0,1,0,1,0
Aggregated Reports/users-service-domain,io.oigres.ecomm.service.users.exception.profile,ProfileUserException,0,4,0,0,0,2,0,1,0,1
Aggregated Reports/users-service-domain,io.oigres.ecomm.service.users.exception.profile,TypeNotFoundProfileException,4,0,0,0,2,0,1,0,1,0
Aggregated Reports/users-service-domain,io.oigres.ecomm.service.users.exception.profile,EnableStatusProfileException,5,0,0,0,2,0,1,0,1,0
Aggregated Reports/users-service-domain,io.oigres.ecomm.service.users.exception.profile,NotFoundProfileException,4,0,0,0,2,0,1,0,1,0
Aggregated Reports/users-service-domain,io.oigres.ecomm.service.users.exception.profile,ExistingProfileException,0,4,0,0,0,2,0,1,0,1
Aggregated Reports/users-service-domain,io.oigres.ecomm.service.users.exception.profile,BadRequestProfileException,4,0,0,0,2,0,1,0,1,0
Aggregated Reports/users-service-domain,io.oigres.ecomm.service.users.exception.profile,DeletedProfileException,0,4,0,0,0,2,0,1,0,1
Aggregated Reports/users-service-domain,io.oigres.ecomm.service.users.exception,StateNotFoundException,4,0,0,0,2,0,1,0,1,0
Aggregated Reports/users-service-domain,io.oigres.ecomm.service.users.exception,DomainException,0,4,0,0,0,2,0,1,0,1
Aggregated Reports/users-service-domain,io.oigres.ecomm.service.users.exception,NotFoundException,4,0,0,0,2,0,1,0,1,0
Aggregated Reports/users-service-domain,io.oigres.ecomm.service.users.exception,ZipcodeNotFoundDomainException,8,0,0,0,4,0,2,0,2,0
Aggregated Reports/users-service-domain,io.oigres.ecomm.service.users.exception,InvalidException,4,0,0,0,2,0,1,0,1,0
Aggregated Reports/users-service-domain,io.oigres.ecomm.service.users.exception,GenderNotFoundException,4,0,0,0,2,0,1,0,1,0
Aggregated Reports/users-service-domain,io.oigres.ecomm.service.users.exception,PasswordInvalidException,4,0,0,0,2,0,1,0,1,0
Aggregated Reports/users-service-domain,io.oigres.ecomm.service.users.exception,UserNotFoundException,4,0,0,0,2,0,1,0,1,0
Aggregated Reports/users-service-domain,io.oigres.ecomm.service.users.domain.profile,AdminProfile_,3,0,0,0,1,0,1,0,1,0
Aggregated Reports/users-service-domain,io.oigres.ecomm.service.users.domain.profile,DispensaryProfile,0,16,0,0,0,3,0,1,0,1
Aggregated Reports/users-service-domain,io.oigres.ecomm.service.users.domain.profile,AdminProfile,0,25,0,0,0,6,0,1,0,1
Aggregated Reports/users-service-domain,io.oigres.ecomm.service.users.domain.profile,ConsumerProfile_,3,0,0,0,1,0,1,0,1,0
Aggregated Reports/users-service-domain,io.oigres.ecomm.service.users.domain.profile,ConsumerProfile,32,92,13,9,7,27,11,4,0,4
Aggregated Reports/users-service-domain,io.oigres.ecomm.service.users.domain.profile,DispensaryProfile_,3,0,0,0,1,0,1,0,1,0
Aggregated Reports/users-service-domain,io.oigres.ecomm.service.users.enums,ConsumerTypeEnum,29,35,4,0,5,8,4,3,2,3
Aggregated Reports/users-service-domain,io.oigres.ecomm.service.users.enums,BlobType,28,0,0,0,7,0,3,0,3,0
Aggregated Reports/users-service-domain,io.oigres.ecomm.service.users.enums,ResourceStatusEnum,0,21,0,0,0,4,0,1,0,1
Aggregated Reports/users-service-domain,io.oigres.ecomm.service.users.enums,ProfileTypeEnum,6,50,0,0,2,9,2,2,2,2
Aggregated Reports/users-service-application,io.oigres.ecomm.service.users.usecases.users.dispensaries.list,GetAllDispensariesUseCaseImpl,11,0,0,0,4,0,2,0,2,0
Aggregated Reports/users-service-application,io.oigres.ecomm.service.users.constants,RegionServiceErrorMessages,3,0,0,0,1,0,1,0,1,0
Aggregated Reports/users-service-application,io.oigres.ecomm.service.users.constants,ProfileErrorMessages,3,0,0,0,1,0,1,0,1,0
Aggregated Reports/users-service-application,io.oigres.ecomm.service.users.usecases.users.admins.create,CreateNewAdminUserUseCaseImpl,5,102,1,5,1,29,2,6,1,4
Aggregated Reports/users-service-application,io.oigres.ecomm.service.users.usecases.users.utils,ImageUtils,29,0,6,0,10,0,6,0,3,0
Aggregated Reports/users-service-application,io.oigres.ecomm.service.users.usecases.users.list,GetAllUsersUseCaseImpl,22,0,0,0,6,0,2,0,2,0
Aggregated Reports/users-service-application,io.oigres.ecomm.service.users.usecases.users.dispensaries.create,CreateNewDispensaryUserUseCaseImpl,103,0,6,0,29,0,7,0,4,0
Aggregated Reports/users-service-application,io.oigres.ecomm.service.users.usecases.users.consumers.list,GetAllConsumersUseCaseImpl,11,0,0,0,4,0,2,0,2,0
Aggregated Reports/users-service-application,io.oigres.ecomm.service.users.usecases.users.profiles,ToggleEnabledProfileUseCaseImpl,36,0,2,0,11,0,3,0,2,0
Aggregated Reports/users-service-application,io.oigres.ecomm.service.users.usecases.users.admins.delete,DeleteAdminUserUseCaseImpl,5,63,3,3,0,18,4,3,1,3
Aggregated Reports/users-service-application,io.oigres.ecomm.service.users.usecases.users.admins.update,UpdateAdminUseCaseImpl,82,0,10,0,21,0,8,0,3,0
Aggregated Reports/users-service-application,io.oigres.ecomm.service.users.usecases.users.validate,ValidateUserUseCaseImpl,39,0,4,0,11,0,4,0,2,0
Aggregated Reports/users-service-application,io.oigres.ecomm.service.users.usecases.users.admins.list,GetAllAdminsUseCaseImpl,11,0,0,0,4,0,2,0,2,0
Aggregated Reports/users-service-application,io.oigres.ecomm.service.users.usecases.users.sendcode,SendCodeUseCaseImpl,97,0,6,0,21,0,7,0,4,0
Aggregated Reports/users-service-application,io.oigres.ecomm.service.users.usecases.users.consumers.update,UpdateConsumerUseCaseImpl,331,0,34,0,86,0,25,0,8,0
Aggregated Reports/users-service-application,io.oigres.ecomm.service.users.usecases.users.consumers.delete,DeleteConsumerUserUseCaseImpl,68,0,6,0,18,0,7,0,4,0
Aggregated Reports/users-service-application,io.oigres.ecomm.service.users.usecases.users.search,GetUserByIdUseCaseImpl,17,0,0,0,5,0,2,0,2,0
Aggregated Reports/users-service-application,io.oigres.ecomm.service.users.usecases.users.admins.enable,DisableAdminUseCaseImpl,13,0,0,0,4,0,2,0,2,0
Aggregated Reports/users-service-application,io.oigres.ecomm.service.users.usecases.users.admins.enable,EnableAdminUseCaseImpl,13,0,0,0,4,0,2,0,2,0
Aggregated Reports/users-service-application,io.oigres.ecomm.service.users.usecases.users.gender,GetGenderByIdUseCaseImpl,19,0,0,0,6,0,3,0,3,0
Aggregated Reports/users-service-application,io.oigres.ecomm.service.users.usecases.users.gender,GetAllGendersUseCaseImpl,11,0,0,0,4,0,2,0,2,0
Aggregated Reports/users-service-application,io.oigres.ecomm.service.users.usecases.uploads,GetStoreLocationUseCase,12,0,0,0,4,0,2,0,2,0
Aggregated Reports/users-service-application,io.oigres.ecomm.service.users.usecases.users.dispensaries.search,GetDispensaryByIdUseCaseImpl,31,0,0,0,9,0,3,0,3,0
Aggregated Reports/users-service-application,io.oigres.ecomm.service.users.usecases.users.dispensaries.search,GetDispensaryByDispensaryIdUseCaseImpl,14,0,0,0,6,0,2,0,2,0
Aggregated Reports/users-service-application,io.oigres.ecomm.service.users.usecases.users.consumers.create,CreateNewConsumerUserUseCaseImpl,306,0,18,0,84,0,22,0,13,0
Aggregated Reports/users-service-application,io.oigres.ecomm.service.users.usecases.users.verifycode,VerifyCodeUseCaseImpl,83,0,10,0,17,0,7,0,2,0
Aggregated Reports/users-service-application,io.oigres.ecomm.service.users.usecases.region.search,GetZipCodeByIdUseCaseImpl,19,0,0,0,7,0,3,0,3,0
Aggregated Reports/users-service-application,io.oigres.ecomm.service.users.usecases.region.search,GetZipCodesByStateImpl,13,0,0,0,4,0,2,0,2,0
Aggregated Reports/users-service-application,io.oigres.ecomm.service.users.usecases.region.search,GetStateByIdUseCaseImpl,19,0,0,0,6,0,3,0,3,0
Aggregated Reports/users-service-application,io.oigres.ecomm.service.users.usecases.region.search,GetStatesUseCaseImpl,11,0,0,0,4,0,2,0,2,0
Aggregated Reports/users-service-application,io.oigres.ecomm.service.users.usecases.users.delete,DeleteUserUseCaseImpl,23,0,0,0,8,0,2,0,2,0
Aggregated Reports/users-service-application,io.oigres.ecomm.service.users.usecases.users.dispensaries.update,UpdateDispensaryUseCaseImpl,64,0,8,0,17,0,7,0,3,0
Aggregated Reports/users-service-application,io.oigres.ecomm.service.users.usecases.users.consumers.search,GetConsumerByIdUseCaseImpl,31,0,0,0,9,0,3,0,3,0
Aggregated Reports/users-service-application,io.oigres.ecomm.service.users.usecases.users.images,ChangeCardImageStatusUseCaseImpl,98,0,4,0,32,0,8,0,6,0
Aggregated Reports/users-service-application,io.oigres.ecomm.service.users.usecases.users.images,CleanUpBrokenCardImagesUseCaseImpl,187,0,26,0,58,0,22,0,9,0
Aggregated Reports/users-service-application,io.oigres.ecomm.service.users.usecases.users.images,ChangeProfileImageStatusUseCaseImpl,47,0,2,0,14,0,3,0,2,0
Aggregated Reports/users-service-application,io.oigres.ecomm.service.users.usecases.users.admins.search,GetAdminByIdUseCaseImpl,31,0,0,0,9,0,3,0,3,0
Aggregated Reports/users-service-application,io.oigres.ecomm.service.users.usecases.users.dispensaries.delete,DeleteDispensaryUserUseCaseImpl,68,0,6,0,19,0,7,0,4,0
Aggregated Reports/users-service-persistence,io.oigres.ecomm.service.users.repository,Indexer,26,6,0,0,8,3,1,1,1,1
Aggregated Reports/users-service-persistence,io.oigres.ecomm.service.users.repository,SearchRepositoryImpl,8,44,0,0,3,11,1,4,1,4
Aggregated Reports/users-service-persistence,io.oigres.ecomm.service.users.repository.cache,CacheNames,3,0,0,0,1,0,1,0,1,0
Aggregated Reports/users-service-persistence,io.oigres.ecomm.service.users.repository.cache,VerificationCodeCacheRepository,10,7,0,0,4,2,2,2,2,2
Aggregated Reports/users-service-persistence,io.oigres.ecomm.service.users.textsearch,SearchMappingConfigurer,0,40,0,0,0,10,0,3,0,3
Aggregated Reports/users-service-persistence,io.oigres.ecomm.service.users.textsearch,AuditableRoutingBridge,2,15,1,1,1,6,1,3,0,3
Aggregated Reports/users-service-persistence,io.oigres.ecomm.service.users.textsearch,AuditableRoutingBinder,0,15,0,0,0,4,0,2,0,2
Aggregated Reports/users-service-persistence,io.oigres.ecomm.service.users.orm,CustomAuditingEntityListener,37,24,12,2,10,9,8,2,1,2
Aggregated Reports/users-service-rest-api,io.oigres.ecomm.service.users.config.mapper,ResponsesMapper,525,314,50,18,172,90,49,10,15,10
Aggregated Reports/users-service-rest-api,io.oigres.ecomm.service.users.config.mapper,ResponsesMapperImpl,187,84,25,5,47,21,20,5,6,4
Aggregated Reports/users-service-rest-api,io.oigres.ecomm.service.users.config,WebConfiguration,47,86,3,1,14,22,2,8,0,8
Aggregated Reports/users-service-rest-api,io.oigres.ecomm.service.users.web.http,LoggingRequestFilter,10,137,4,4,2,33,4,4,0,4
Aggregated Reports/users-service-rest-api,org.springframework.data.web,PageableRequestHandlerMethodArgumentResolver,166,224,29,15,46,59,34,12,12,12
Aggregated Reports/users-service-rest-api,org.springframework.data.web,SortRequestHandlerMethodArgumentResolver.ExpressionBuilder,57,0,4,0,13,0,6,0,4,0
Aggregated Reports/users-service-rest-api,org.springframework.data.web,SortRequestHandlerMethodArgumentResolver,320,71,41,3,77,23,34,5,12,5
Aggregated Reports/users-service-rest-api,org.springframework.data.web,SortRequestHandlerMethodArgumentResolver.SortOrderParser,170,0,16,0,30,0,19,0,11,0
Aggregated Reports/users-service-rest-api,io.oigres.ecomm.service.users.api,AbstractController,0,3,0,0,0,1,0,1,0,1
Aggregated Reports/users-service-rest-api,io.oigres.ecomm.service.users.api,RegionController,181,0,0,0,51,0,6,0,6,0
Aggregated Reports/users-service-rest-api,io.oigres.ecomm.service.users.api,UsersController,1101,134,8,0,298,42,44,3,40,3
Aggregated Reports/users-service-spring-boot,io.oigres.ecomm.service.users,Bootstrap,8,0,0,0,3,0,2,0,2,0
Aggregated Reports/users-service-spring-boot,io.oigres.ecomm.service.users.repository,S3BlobRepository,159,0,8,0,45,0,10,0,6,0
Aggregated Reports/users-service-spring-boot,io.oigres.ecomm.service.users.web,GlobalExceptionHandler,240,0,6,0,45,0,20,0,17,0
Aggregated Reports/users-service-spring-boot,io.oigres.ecomm.service.users.config,ApplicationReadyInitializer,268,0,0,0,71,0,3,0,3,0
Aggregated Reports/users-service-spring-boot,io.oigres.ecomm.service.users.config,CacheConfiguration,14,0,0,0,4,0,3,0,3,0
Aggregated Reports/users-service-spring-boot,io.oigres.ecomm.service.users.config,AWSClientsConfig,74,0,4,0,22,0,6,0,4,0
Aggregated Reports/users-service-spring-boot,io.oigres.ecomm.service.users.config,SchedulingConfiguration,3,0,0,0,1,0,1,0,1,0
Aggregated Reports/users-service-spring-boot,io.oigres.ecomm.service.users.config,AsyncConfiguration,31,0,0,0,10,0,2,0,2,0
Aggregated Reports/users-service-spring-boot,io.oigres.ecomm.service.users.config,EncrypConfiguration,7,0,0,0,2,0,2,0,2,0
Aggregated Reports/users-service-spring-boot,io.oigres.ecomm.service.users.config,PersistenceConfiguration.AuditorAwareImpl,6,0,0,0,2,0,2,0,2,0
Aggregated Reports/users-service-spring-boot,io.oigres.ecomm.service.users.config,TransactionalOutboxEntityListenerRegister,52,0,2,0,14,0,4,0,3,0
Aggregated Reports/users-service-spring-boot,io.oigres.ecomm.service.users.config,PersistenceConfiguration,26,0,0,0,8,0,3,0,3,0
Aggregated Reports/users-service-spring-boot,io.oigres.ecomm.service.users.config,OpenApiV3Configuration,27,0,0,0,8,0,2,0,2,0
Aggregated Reports/users-service-spring-boot,io.oigres.ecomm.service.users.config,KafkaConfig,16,0,0,0,5,0,2,0,2,0
Aggregated Reports/users-service-spring-boot,org.redisson.config,ConfigPrinter,223,0,14,0,56,0,12,0,5,0
Aggregated Reports/users-service-spring-boot,io.oigres.ecomm.service.users.txoutbox,MessageRelayService,61,0,6,0,18,0,6,0,3,0
Aggregated Reports/users-service-spring-boot,io.oigres.ecomm.service.users.txoutbox,TransactionalOutboxPatternEntityListener,97,0,8,0,33,0,11,0,7,0
Aggregated Reports/users-service-spring-boot,io.oigres.ecomm.service.users.jobs,CardImagesCleanUpJobConfiguration,27,0,0,0,6,0,3,0,3,0
Aggregated Reports/users-service-spring-boot,io.oigres.ecomm.service.users.jobs,MessageRelayServiceJobConfiguration,39,0,0,0,6,0,1,0,1,0
Aggregated Reports/users-service-spring-boot,io.oigres.ecomm.service.users.jobs,MessageRelayServiceJob,24,0,0,0,10,0,4,0,4,0
Aggregated Reports/users-service-spring-boot,io.oigres.ecomm.service.users.jobs,CardImagesCleanUpJob,57,0,2,0,13,0,4,0,3,0
Aggregated Reports/users-service-sdk,io.oigres.ecomm.service.users.api,RemoteMethodArgumentNotValidException,18,0,0,0,6,0,3,0,3,0
Aggregated Reports/users-service-sdk,io.oigres.ecomm.service.users.api,MiddlewareProxy.new ParameterizedTypeReference() {...},3,0,0,0,1,0,1,0,1,0
Aggregated Reports/users-service-sdk,io.oigres.ecomm.service.users.api,MiddlewareProxy.new ParameterizedTypeReference() {...},13,0,0,0,3,0,2,0,2,0
Aggregated Reports/users-service-sdk,io.oigres.ecomm.service.users.api,MiddlewareProxy.1.new ParameterizedType() {...},21,0,0,0,6,0,4,0,4,0
Aggregated Reports/users-service-sdk,io.oigres.ecomm.service.users.api,MiddlewareProxy,614,0,20,0,132,0,53,0,43,0
Aggregated Reports/users-service-sdk,io.oigres.ecomm.service.users.api,UsersServiceProxy,1055,0,0,0,206,0,94,0,94,0
Aggregated Reports/users-service-sdk,io.oigres.ecomm.service.users.api,RegionServiceProxy,159,0,0,0,23,0,13,0,13,0
Aggregated Reports/users-service-sdk,io.oigres.ecomm.service.users.api,RemoteServiceUnavailableException,4,0,0,0,2,0,1,0,1,0
Aggregated Reports/users-service-uploads-detector,io.oigres.ecomm,BlobType,28,0,0,0,7,0,3,0,3,0
Aggregated Reports/users-service-uploads-detector,io.oigres.ecomm,S3EventHandler,258,0,10,0,64,0,8,0,3,0
Aggregated Reports/users-service-uploads-detector,io.oigres.ecomm,S3EventHandler.new JsonDeserializer() {...},10,0,0,0,3,0,2,0,2,0
Aggregated Reports/users-service-uploads-detector,io.oigres.ecomm,S3EventHandler.new JsonSerializer() {...},10,0,0,0,2,0,2,0,2,0
